X: SDL Initialized
X: SDL Video Mode Set
X: Fonts Initialized
X: Game state switched to 1
X: Loading Surface: ./gfx/tilesets/tiles.png
X: Loading Surface: ./gfx/tilesets/tiles.png_0_0
X: Loading Surface: ./gfx/tilesets/dither.png
X: Loading Surface: ./gfx/tilesets/tiles.png_0_0_DITHER
X: Loading Surface: ./gfx/tilesets/tiles.png_0_0_DITHER0
X: Loading Surface: ./gfx/tilesets/tiles.png_0_0_DITHER1
X: Loading Surface: ./gfx/tilesets/tiles.png_0_0_DITHER2
X: Loading Surface: ./gfx/tilesets/tiles.png_0_0_DITHER3
X: Loading Surface: ./gfx/tilesets/tiles.png_1_0
X: Loading Surface: ./gfx/tilesets/tiles.png_1_0_DITHER
X: Loading Surface: ./gfx/tilesets/tiles.png_1_0_DITHER0
X: Loading Surface: ./gfx/tilesets/tiles.png_1_0_DITHER1
X: Loading Surface: ./gfx/tilesets/tiles.png_1_0_DITHER2
X: Loading Surface: ./gfx/tilesets/tiles.png_1_0_DITHER3
X: Loading Surface: ./gfx/tilesets/tiles.png_2_0
X: Loading Surface: ./gfx/tilesets/tiles.png_2_0_DITHER
X: Loading Surface: ./gfx/tilesets/tiles.png_2_0_DITHER0
X: Loading Surface: ./gfx/tilesets/tiles.png_2_0_DITHER1
X: Loading Surface: ./gfx/tilesets/tiles.png_2_0_DITHER2
X: Loading Surface: ./gfx/tilesets/tiles.png_2_0_DITHER3
X: Loading Surface: ./gfx/tilesets/tiles.png_0_1
X: Loading Surface: ./gfx/tilesets/tiles.png_0_1_DITHER
X: Loading Surface: ./gfx/tilesets/tiles.png_0_1_DITHER0
X: Loading Surface: ./gfx/tilesets/tiles.png_0_1_DITHER1
X: Loading Surface: ./gfx/tilesets/tiles.png_0_1_DITHER2
X: Loading Surface: ./gfx/tilesets/tiles.png_0_1_DITHER3
X: Loading Surface: ./gfx/tilesets/tiles.png_1_1
X: Loading Surface: ./gfx/tilesets/tiles.png_1_1_DITHER
X: Loading Surface: ./gfx/tilesets/tiles.png_1_1_DITHER0
X: Loading Surface: ./gfx/tilesets/tiles.png_1_1_DITHER1
X: Loading Surface: ./gfx/tilesets/tiles.png_1_1_DITHER2
X: Loading Surface: ./gfx/tilesets/tiles.png_1_1_DITHER3
X: Loading Surface: ./gfx/tilesets/tiles.png_2_1
X: Loading Surface: ./gfx/tilesets/tiles.png_2_1_DITHER
X: Loading Surface: ./gfx/tilesets/tiles.png_2_1_DITHER0
X: Loading Surface: ./gfx/tilesets/tiles.png_2_1_DITHER1
X: Loading Surface: ./gfx/tilesets/tiles.png_2_1_DITHER2
X: Loading Surface: ./gfx/tilesets/tiles.png_2_1_DITHER3
X: Loading Surface: ./gfx/tilesets/tiles.png_0_2
X: Loading Surface: ./gfx/tilesets/tiles.png_0_2_DITHER
X: Loading Surface: ./gfx/tilesets/tiles.png_0_2_DITHER0
X: Loading Surface: ./gfx/tilesets/tiles.png_0_2_DITHER1
X: Loading Surface: ./gfx/tilesets/tiles.png_0_2_DITHER2
X: Loading Surface: ./gfx/tilesets/tiles.png_0_2_DITHER3
X: Loading Surface: ./gfx/tilesets/tiles.png_1_2
X: Loading Surface: ./gfx/tilesets/tiles.png_1_2_DITHER
X: Loading Surface: ./gfx/tilesets/tiles.png_1_2_DITHER0
X: Loading Surface: ./gfx/tilesets/tiles.png_1_2_DITHER1
X: Loading Surface: ./gfx/tilesets/tiles.png_1_2_DITHER2
X: Loading Surface: ./gfx/tilesets/tiles.png_1_2_DITHER3
X: Loading Surface: ./gfx/tilesets/tiles.png_2_2
X: Loading Surface: ./gfx/tilesets/tiles.png_2_2_DITHER
X: Loading Surface: ./gfx/tilesets/tiles.png_2_2_DITHER0
X: Loading Surface: ./gfx/tilesets/tiles.png_2_2_DITHER1
X: Loading Surface: ./gfx/tilesets/tiles.png_2_2_DITHER2
X: Loading Surface: ./gfx/tilesets/tiles.png_2_2_DITHER3
X: Loading Surface: ./gfx/tilesets/tiles.png_0_3
X: Loading Surface: ./gfx/tilesets/tiles.png_0_3_DITHER
X: Loading Surface: ./gfx/tilesets/tiles.png_0_3_DITHER0
X: Loading Surface: ./gfx/tilesets/tiles.png_0_3_DITHER1
X: Loading Surface: ./gfx/tilesets/tiles.png_0_3_DITHER2
X: Loading Surface: ./gfx/tilesets/tiles.png_0_3_DITHER3
X: Loading Surface: ./gfx/tilesets/tiles.png_1_3
X: Loading Surface: ./gfx/tilesets/tiles.png_1_3_DITHER
X: Loading Surface: ./gfx/tilesets/tiles.png_1_3_DITHER0
X: Loading Surface: ./gfx/tilesets/tiles.png_1_3_DITHER1
X: Loading Surface: ./gfx/tilesets/tiles.png_1_3_DITHER2
X: Loading Surface: ./gfx/tilesets/tiles.png_1_3_DITHER3
X: Loading Surface: ./gfx/tilesets/tiles.png_2_3
X: Loading Surface: ./gfx/tilesets/tiles.png_2_3_DITHER
X: Loading Surface: ./gfx/tilesets/tiles.png_2_3_DITHER0
X: Loading Surface: ./gfx/tilesets/tiles.png_2_3_DITHER1
X: Loading Surface: ./gfx/tilesets/tiles.png_2_3_DITHER2
X: Loading Surface: ./gfx/tilesets/tiles.png_2_3_DITHER3
X: Loading Surface: ./gfx/tilesets/tiles.png_0_4
X: Loading Surface: ./gfx/tilesets/tiles.png_0_4_DITHER
X: Loading Surface: ./gfx/tilesets/tiles.png_0_4_DITHER0
X: Loading Surface: ./gfx/tilesets/tiles.png_0_4_DITHER1
X: Loading Surface: ./gfx/tilesets/tiles.png_0_4_DITHER2
X: Loading Surface: ./gfx/tilesets/tiles.png_0_4_DITHER3
X: Loading Surface: ./gfx/tilesets/tiles.png_1_4
X: Loading Surface: ./gfx/tilesets/tiles.png_1_4_DITHER
X: Loading Surface: ./gfx/tilesets/tiles.png_1_4_DITHER0
X: Loading Surface: ./gfx/tilesets/tiles.png_1_4_DITHER1
X: Loading Surface: ./gfx/tilesets/tiles.png_1_4_DITHER2
X: Loading Surface: ./gfx/tilesets/tiles.png_1_4_DITHER3
X: Loading Surface: ./gfx/tilesets/tiles.png_2_4
X: Loading Surface: ./gfx/tilesets/tiles.png_2_4_DITHER
X: Loading Surface: ./gfx/tilesets/tiles.png_2_4_DITHER0
X: Loading Surface: ./gfx/tilesets/tiles.png_2_4_DITHER1
X: Loading Surface: ./gfx/tilesets/tiles.png_2_4_DITHER2
X: Loading Surface: ./gfx/tilesets/tiles.png_2_4_DITHER3
X: Loading Surface: ./gfx/tilesets/tiles.png_0_5
X: Loading Surface: ./gfx/tilesets/tiles.png_0_5_DITHER
X: Loading Surface: ./gfx/tilesets/tiles.png_0_5_DITHER0
X: Loading Surface: ./gfx/tilesets/tiles.png_0_5_DITHER1
X: Loading Surface: ./gfx/tilesets/tiles.png_0_5_DITHER2
X: Loading Surface: ./gfx/tilesets/tiles.png_0_5_DITHER3
X: Loading Surface: ./gfx/tilesets/tiles.png_1_5
X: Loading Surface: ./gfx/tilesets/tiles.png_1_5_DITHER
X: Loading Surface: ./gfx/tilesets/tiles.png_1_5_DITHER0
X: Loading Surface: ./gfx/tilesets/tiles.png_1_5_DITHER1
X: Loading Surface: ./gfx/tilesets/tiles.png_1_5_DITHER2
X: Loading Surface: ./gfx/tilesets/tiles.png_1_5_DITHER3
X: Loading Surface: ./gfx/tilesets/tiles.png_2_5
X: Loading Surface: ./gfx/tilesets/tiles.png_2_5_DITHER
X: Loading Surface: ./gfx/tilesets/tiles.png_2_5_DITHER0
X: Loading Surface: ./gfx/tilesets/tiles.png_2_5_DITHER1
X: Loading Surface: ./gfx/tilesets/tiles.png_2_5_DITHER2
X: Loading Surface: ./gfx/tilesets/tiles.png_2_5_DITHER3
X: Loading Surface: ./gfx/tilesets/tiles.png_0_6
X: Loading Surface: ./gfx/tilesets/tiles.png_0_6_DITHER
X: Loading Surface: ./gfx/tilesets/tiles.png_0_6_DITHER0
X: Loading Surface: ./gfx/tilesets/tiles.png_0_6_DITHER1
X: Loading Surface: ./gfx/tilesets/tiles.png_0_6_DITHER2
X: Loading Surface: ./gfx/tilesets/tiles.png_0_6_DITHER3
X: Loading Surface: ./gfx/tilesets/tiles.png_1_6
X: Loading Surface: ./gfx/tilesets/tiles.png_1_6_DITHER
X: Loading Surface: ./gfx/tilesets/tiles.png_1_6_DITHER0
X: Loading Surface: ./gfx/tilesets/tiles.png_1_6_DITHER1
X: Loading Surface: ./gfx/tilesets/tiles.png_1_6_DITHER2
X: Loading Surface: ./gfx/tilesets/tiles.png_1_6_DITHER3
X: Loading Surface: ./gfx/tilesets/tiles.png_2_6
X: Loading Surface: ./gfx/tilesets/tiles.png_2_6_DITHER
X: Loading Surface: ./gfx/tilesets/tiles.png_2_6_DITHER0
X: Loading Surface: ./gfx/tilesets/tiles.png_2_6_DITHER1
X: Loading Surface: ./gfx/tilesets/tiles.png_2_6_DITHER2
X: Loading Surface: ./gfx/tilesets/tiles.png_2_6_DITHER3
X: Loading Surface: ./gfx/tilesets/tiles.png_0_7
X: Loading Surface: ./gfx/tilesets/tiles.png_0_7_DITHER
X: Loading Surface: ./gfx/tilesets/tiles.png_0_7_DITHER0
X: Loading Surface: ./gfx/tilesets/tiles.png_0_7_DITHER1
X: Loading Surface: ./gfx/tilesets/tiles.png_0_7_DITHER2
X: Loading Surface: ./gfx/tilesets/tiles.png_0_7_DITHER3
X: Loading Surface: ./gfx/tilesets/tiles.png_1_7
X: Loading Surface: ./gfx/tilesets/tiles.png_1_7_DITHER
X: Loading Surface: ./gfx/tilesets/tiles.png_1_7_DITHER0
X: Loading Surface: ./gfx/tilesets/tiles.png_1_7_DITHER1
X: Loading Surface: ./gfx/tilesets/tiles.png_1_7_DITHER2
X: Loading Surface: ./gfx/tilesets/tiles.png_1_7_DITHER3
X: Loading Surface: ./gfx/tilesets/tiles.png_2_7
X: Loading Surface: ./gfx/tilesets/tiles.png_2_7_DITHER
X: Loading Surface: ./gfx/tilesets/tiles.png_2_7_DITHER0
X: Loading Surface: ./gfx/tilesets/tiles.png_2_7_DITHER1
X: Loading Surface: ./gfx/tilesets/tiles.png_2_7_DITHER2
X: Loading Surface: ./gfx/tilesets/tiles.png_2_7_DITHER3
X: Loading Surface: ./gfx/tilesets/tiles.png_0_8
X: Loading Surface: ./gfx/tilesets/tiles.png_0_8_DITHER
X: Loading Surface: ./gfx/tilesets/tiles.png_0_8_DITHER0
X: Loading Surface: ./gfx/tilesets/tiles.png_0_8_DITHER1
X: Loading Surface: ./gfx/tilesets/tiles.png_0_8_DITHER2
X: Loading Surface: ./gfx/tilesets/tiles.png_0_8_DITHER3
X: Loading Surface: ./gfx/tilesets/tiles.png_1_8
X: Loading Surface: ./gfx/tilesets/tiles.png_1_8_DITHER
X: Loading Surface: ./gfx/tilesets/tiles.png_1_8_DITHER0
X: Loading Surface: ./gfx/tilesets/tiles.png_1_8_DITHER1
X: Loading Surface: ./gfx/tilesets/tiles.png_1_8_DITHER2
X: Loading Surface: ./gfx/tilesets/tiles.png_1_8_DITHER3
X: Loading Surface: ./gfx/tilesets/tiles.png_2_8
X: Loading Surface: ./gfx/tilesets/tiles.png_2_8_DITHER
X: Loading Surface: ./gfx/tilesets/tiles.png_2_8_DITHER0
X: Loading Surface: ./gfx/tilesets/tiles.png_2_8_DITHER1
X: Loading Surface: ./gfx/tilesets/tiles.png_2_8_DITHER2
X: Loading Surface: ./gfx/tilesets/tiles.png_2_8_DITHER3
X: Loading Surface: ./gfx/tilesets/tiles.png_0_9
X: Loading Surface: ./gfx/tilesets/tiles.png_0_9_DITHER
X: Loading Surface: ./gfx/tilesets/tiles.png_0_9_DITHER0
X: Loading Surface: ./gfx/tilesets/tiles.png_0_9_DITHER1
X: Loading Surface: ./gfx/tilesets/tiles.png_0_9_DITHER2
X: Loading Surface: ./gfx/tilesets/tiles.png_0_9_DITHER3
X: Loading Surface: ./gfx/tilesets/tiles.png_1_9
X: Loading Surface: ./gfx/tilesets/tiles.png_1_9_DITHER
X: Loading Surface: ./gfx/tilesets/tiles.png_1_9_DITHER0
X: Loading Surface: ./gfx/tilesets/tiles.png_1_9_DITHER1
X: Loading Surface: ./gfx/tilesets/tiles.png_1_9_DITHER2
X: Loading Surface: ./gfx/tilesets/tiles.png_1_9_DITHER3
X: Loading Surface: ./gfx/tilesets/tiles.png_2_9
X: Loading Surface: ./gfx/tilesets/tiles.png_2_9_DITHER
X: Loading Surface: ./gfx/tilesets/tiles.png_2_9_DITHER0
X: Loading Surface: ./gfx/tilesets/tiles.png_2_9_DITHER1
X: Loading Surface: ./gfx/tilesets/tiles.png_2_9_DITHER2
X: Loading Surface: ./gfx/tilesets/tiles.png_2_9_DITHER3
X: Loading Surface: ./gfx/tilesets/tiles.png_0_10
X: Loading Surface: ./gfx/tilesets/tiles.png_0_10_DITHER
X: Loading Surface: ./gfx/tilesets/tiles.png_0_10_DITHER0
X: Loading Surface: ./gfx/tilesets/tiles.png_0_10_DITHER1
X: Loading Surface: ./gfx/tilesets/tiles.png_0_10_DITHER2
X: Loading Surface: ./gfx/tilesets/tiles.png_0_10_DITHER3
X: Loading Surface: ./gfx/tilesets/tiles.png_1_10
X: Loading Surface: ./gfx/tilesets/tiles.png_1_10_DITHER
X: Loading Surface: ./gfx/tilesets/tiles.png_1_10_DITHER0
X: Loading Surface: ./gfx/tilesets/tiles.png_1_10_DITHER1
X: Loading Surface: ./gfx/tilesets/tiles.png_1_10_DITHER2
X: Loading Surface: ./gfx/tilesets/tiles.png_1_10_DITHER3
X: Loading Surface: ./gfx/tilesets/tiles.png_2_10
X: Loading Surface: ./gfx/tilesets/tiles.png_2_10_DITHER
X: Loading Surface: ./gfx/tilesets/tiles.png_2_10_DITHER0
X: Loading Surface: ./gfx/tilesets/tiles.png_2_10_DITHER1
X: Loading Surface: ./gfx/tilesets/tiles.png_2_10_DITHER2
X: Loading Surface: ./gfx/tilesets/tiles.png_2_10_DITHER3
X: Loading Surface: ./gfx/tilesets/grid.png
X: Loading Surface: ./gfx/tilesets/rivers.png
X: Loading Surface: ./gfx/tilesets/rivers.png_0_0
X: Loading Surface: ./gfx/tilesets/rivers.png_0_0_DITHER
X: Loading Surface: ./gfx/tilesets/rivers.png_0_0_DITHER0
X: Loading Surface: ./gfx/tilesets/rivers.png_0_0_DITHER1
X: Loading Surface: ./gfx/tilesets/rivers.png_0_0_DITHER2
X: Loading Surface: ./gfx/tilesets/rivers.png_0_0_DITHER3
X: Loading Surface: ./gfx/tilesets/rivers.png_1_0
X: Loading Surface: ./gfx/tilesets/rivers.png_1_0_DITHER
X: Loading Surface: ./gfx/tilesets/rivers.png_1_0_DITHER0
X: Loading Surface: ./gfx/tilesets/rivers.png_1_0_DITHER1
X: Loading Surface: ./gfx/tilesets/rivers.png_1_0_DITHER2
X: Loading Surface: ./gfx/tilesets/rivers.png_1_0_DITHER3
X: Loading Surface: ./gfx/tilesets/rivers.png_2_0
X: Loading Surface: ./gfx/tilesets/rivers.png_2_0_DITHER
X: Loading Surface: ./gfx/tilesets/rivers.png_2_0_DITHER0
X: Loading Surface: ./gfx/tilesets/rivers.png_2_0_DITHER1
X: Loading Surface: ./gfx/tilesets/rivers.png_2_0_DITHER2
X: Loading Surface: ./gfx/tilesets/rivers.png_2_0_DITHER3
X: Loading Surface: ./gfx/tilesets/rivers.png_0_1
X: Loading Surface: ./gfx/tilesets/rivers.png_0_1_DITHER
X: Loading Surface: ./gfx/tilesets/rivers.png_0_1_DITHER0
X: Loading Surface: ./gfx/tilesets/rivers.png_0_1_DITHER1
X: Loading Surface: ./gfx/tilesets/rivers.png_0_1_DITHER2
X: Loading Surface: ./gfx/tilesets/rivers.png_0_1_DITHER3
X: Loading Surface: ./gfx/tilesets/rivers.png_1_1
X: Loading Surface: ./gfx/tilesets/rivers.png_1_1_DITHER
X: Loading Surface: ./gfx/tilesets/rivers.png_1_1_DITHER0
X: Loading Surface: ./gfx/tilesets/rivers.png_1_1_DITHER1
X: Loading Surface: ./gfx/tilesets/rivers.png_1_1_DITHER2
X: Loading Surface: ./gfx/tilesets/rivers.png_1_1_DITHER3
X: Loading Surface: ./gfx/tilesets/rivers.png_2_1
X: Loading Surface: ./gfx/tilesets/rivers.png_2_1_DITHER
X: Loading Surface: ./gfx/tilesets/rivers.png_2_1_DITHER0
X: Loading Surface: ./gfx/tilesets/rivers.png_2_1_DITHER1
X: Loading Surface: ./gfx/tilesets/rivers.png_2_1_DITHER2
X: Loading Surface: ./gfx/tilesets/rivers.png_2_1_DITHER3
X: Loading Surface: ./gfx/tilesets/rivers.png_0_2
X: Loading Surface: ./gfx/tilesets/rivers.png_0_2_DITHER
X: Loading Surface: ./gfx/tilesets/rivers.png_0_2_DITHER0
X: Loading Surface: ./gfx/tilesets/rivers.png_0_2_DITHER1
X: Loading Surface: ./gfx/tilesets/rivers.png_0_2_DITHER2
X: Loading Surface: ./gfx/tilesets/rivers.png_0_2_DITHER3
X: Loading Surface: ./gfx/tilesets/rivers.png_1_2
X: Loading Surface: ./gfx/tilesets/rivers.png_1_2_DITHER
X: Loading Surface: ./gfx/tilesets/rivers.png_1_2_DITHER0
X: Loading Surface: ./gfx/tilesets/rivers.png_1_2_DITHER1
X: Loading Surface: ./gfx/tilesets/rivers.png_1_2_DITHER2
X: Loading Surface: ./gfx/tilesets/rivers.png_1_2_DITHER3
X: Loading Surface: ./gfx/tilesets/rivers.png_2_2
X: Loading Surface: ./gfx/tilesets/rivers.png_2_2_DITHER
X: Loading Surface: ./gfx/tilesets/rivers.png_2_2_DITHER0
X: Loading Surface: ./gfx/tilesets/rivers.png_2_2_DITHER1
X: Loading Surface: ./gfx/tilesets/rivers.png_2_2_DITHER2
X: Loading Surface: ./gfx/tilesets/rivers.png_2_2_DITHER3
X: Loading Surface: ./gfx/tilesets/rivers.png_0_3
X: Loading Surface: ./gfx/tilesets/rivers.png_0_3_DITHER
X: Loading Surface: ./gfx/tilesets/rivers.png_0_3_DITHER0
X: Loading Surface: ./gfx/tilesets/rivers.png_0_3_DITHER1
X: Loading Surface: ./gfx/tilesets/rivers.png_0_3_DITHER2
X: Loading Surface: ./gfx/tilesets/rivers.png_0_3_DITHER3
X: Loading Surface: ./gfx/tilesets/rivers.png_1_3
X: Loading Surface: ./gfx/tilesets/rivers.png_1_3_DITHER
X: Loading Surface: ./gfx/tilesets/rivers.png_1_3_DITHER0
X: Loading Surface: ./gfx/tilesets/rivers.png_1_3_DITHER1
X: Loading Surface: ./gfx/tilesets/rivers.png_1_3_DITHER2
X: Loading Surface: ./gfx/tilesets/rivers.png_1_3_DITHER3
X: Loading Surface: ./gfx/tilesets/rivers.png_2_3
X: Loading Surface: ./gfx/tilesets/rivers.png_2_3_DITHER
X: Loading Surface: ./gfx/tilesets/rivers.png_2_3_DITHER0
X: Loading Surface: ./gfx/tilesets/rivers.png_2_3_DITHER1
X: Loading Surface: ./gfx/tilesets/rivers.png_2_3_DITHER2
X: Loading Surface: ./gfx/tilesets/rivers.png_2_3_DITHER3
X: Loading Surface: ./gfx/tilesets/rivers.png_0_4
X: Loading Surface: ./gfx/tilesets/rivers.png_0_4_DITHER
X: Loading Surface: ./gfx/tilesets/rivers.png_0_4_DITHER0
X: Loading Surface: ./gfx/tilesets/rivers.png_0_4_DITHER1
X: Loading Surface: ./gfx/tilesets/rivers.png_0_4_DITHER2
X: Loading Surface: ./gfx/tilesets/rivers.png_0_4_DITHER3
X: Loading Surface: ./gfx/tilesets/rivers.png_1_4
X: Loading Surface: ./gfx/tilesets/rivers.png_1_4_DITHER
X: Loading Surface: ./gfx/tilesets/rivers.png_1_4_DITHER0
X: Loading Surface: ./gfx/tilesets/rivers.png_1_4_DITHER1
X: Loading Surface: ./gfx/tilesets/rivers.png_1_4_DITHER2
X: Loading Surface: ./gfx/tilesets/rivers.png_1_4_DITHER3
X: Loading Surface: ./gfx/tilesets/rivers.png_2_4
X: Loading Surface: ./gfx/tilesets/rivers.png_2_4_DITHER
X: Loading Surface: ./gfx/tilesets/rivers.png_2_4_DITHER0
X: Loading Surface: ./gfx/tilesets/rivers.png_2_4_DITHER1
X: Loading Surface: ./gfx/tilesets/rivers.png_2_4_DITHER2
X: Loading Surface: ./gfx/tilesets/rivers.png_2_4_DITHER3
X: Loading Surface: ./gfx/tilesets/rivers.png_0_5
X: Loading Surface: ./gfx/tilesets/rivers.png_0_5_DITHER
X: Loading Surface: ./gfx/tilesets/rivers.png_0_5_DITHER0
X: Loading Surface: ./gfx/tilesets/rivers.png_0_5_DITHER1
X: Loading Surface: ./gfx/tilesets/rivers.png_0_5_DITHER2
X: Loading Surface: ./gfx/tilesets/rivers.png_0_5_DITHER3
X: Loading Surface: ./gfx/tilesets/rivers.png_1_5
X: Loading Surface: ./gfx/tilesets/rivers.png_1_5_DITHER
X: Loading Surface: ./gfx/tilesets/rivers.png_1_5_DITHER0
X: Loading Surface: ./gfx/tilesets/rivers.png_1_5_DITHER1
X: Loading Surface: ./gfx/tilesets/rivers.png_1_5_DITHER2
X: Loading Surface: ./gfx/tilesets/rivers.png_1_5_DITHER3
X: Loading Surface: ./gfx/tilesets/rivers.png_2_5
X: Loading Surface: ./gfx/tilesets/rivers.png_2_5_DITHER
X: Loading Surface: ./gfx/tilesets/rivers.png_2_5_DITHER0
X: Loading Surface: ./gfx/tilesets/rivers.png_2_5_DITHER1
X: Loading Surface: ./gfx/tilesets/rivers.png_2_5_DITHER2
X: Loading Surface: ./gfx/tilesets/rivers.png_2_5_DITHER3
X: Loading Surface: ./gfx/tilesets/rivers.png_0_6
X: Loading Surface: ./gfx/tilesets/rivers.png_0_6_DITHER
X: Loading Surface: ./gfx/tilesets/rivers.png_0_6_DITHER0
X: Loading Surface: ./gfx/tilesets/rivers.png_0_6_DITHER1
X: Loading Surface: ./gfx/tilesets/rivers.png_0_6_DITHER2
X: Loading Surface: ./gfx/tilesets/rivers.png_0_6_DITHER3
X: Loading Surface: ./gfx/tilesets/rivers.png_1_6
X: Loading Surface: ./gfx/tilesets/rivers.png_1_6_DITHER
X: Loading Surface: ./gfx/tilesets/rivers.png_1_6_DITHER0
X: Loading Surface: ./gfx/tilesets/rivers.png_1_6_DITHER1
X: Loading Surface: ./gfx/tilesets/rivers.png_1_6_DITHER2
X: Loading Surface: ./gfx/tilesets/rivers.png_1_6_DITHER3
X: Loading Surface: ./gfx/tilesets/rivers.png_2_6
X: Loading Surface: ./gfx/tilesets/rivers.png_2_6_DITHER
X: Loading Surface: ./gfx/tilesets/rivers.png_2_6_DITHER0
X: Loading Surface: ./gfx/tilesets/rivers.png_2_6_DITHER1
X: Loading Surface: ./gfx/tilesets/rivers.png_2_6_DITHER2
X: Loading Surface: ./gfx/tilesets/rivers.png_2_6_DITHER3
X: Loading Surface: ./gfx/tilesets/rivers.png_0_7
X: Loading Surface: ./gfx/tilesets/rivers.png_0_7_DITHER
X: Loading Surface: ./gfx/tilesets/rivers.png_0_7_DITHER0
X: Loading Surface: ./gfx/tilesets/rivers.png_0_7_DITHER1
X: Loading Surface: ./gfx/tilesets/rivers.png_0_7_DITHER2
X: Loading Surface: ./gfx/tilesets/rivers.png_0_7_DITHER3
X: Loading Surface: ./gfx/tilesets/rivers.png_1_7
X: Loading Surface: ./gfx/tilesets/rivers.png_1_7_DITHER
X: Loading Surface: ./gfx/tilesets/rivers.png_1_7_DITHER0
X: Loading Surface: ./gfx/tilesets/rivers.png_1_7_DITHER1
X: Loading Surface: ./gfx/tilesets/rivers.png_1_7_DITHER2
X: Loading Surface: ./gfx/tilesets/rivers.png_1_7_DITHER3
X: Loading Surface: ./gfx/tilesets/rivers.png_2_7
X: Loading Surface: ./gfx/tilesets/rivers.png_2_7_DITHER
X: Loading Surface: ./gfx/tilesets/rivers.png_2_7_DITHER0
X: Loading Surface: ./gfx/tilesets/rivers.png_2_7_DITHER1
X: Loading Surface: ./gfx/tilesets/rivers.png_2_7_DITHER2
X: Loading Surface: ./gfx/tilesets/rivers.png_2_7_DITHER3
X: Loading Surface: ./gfx/tilesets/rivers.png_0_8
X: Loading Surface: ./gfx/tilesets/rivers.png_0_8_DITHER
X: Loading Surface: ./gfx/tilesets/rivers.png_0_8_DITHER0
X: Loading Surface: ./gfx/tilesets/rivers.png_0_8_DITHER1
X: Loading Surface: ./gfx/tilesets/rivers.png_0_8_DITHER2
X: Loading Surface: ./gfx/tilesets/rivers.png_0_8_DITHER3
X: Loading Surface: ./gfx/tilesets/rivers.png_1_8
X: Loading Surface: ./gfx/tilesets/rivers.png_1_8_DITHER
X: Loading Surface: ./gfx/tilesets/rivers.png_1_8_DITHER0
X: Loading Surface: ./gfx/tilesets/rivers.png_1_8_DITHER1
X: Loading Surface: ./gfx/tilesets/rivers.png_1_8_DITHER2
X: Loading Surface: ./gfx/tilesets/rivers.png_1_8_DITHER3
X: Loading Surface: ./gfx/tilesets/rivers.png_2_8
X: Loading Surface: ./gfx/tilesets/rivers.png_2_8_DITHER
X: Loading Surface: ./gfx/tilesets/rivers.png_2_8_DITHER0
X: Loading Surface: ./gfx/tilesets/rivers.png_2_8_DITHER1
X: Loading Surface: ./gfx/tilesets/rivers.png_2_8_DITHER2
X: Loading Surface: ./gfx/tilesets/rivers.png_2_8_DITHER3
X: Loading Surface: ./gfx/tilesets/rivers.png_0_9
X: Loading Surface: ./gfx/tilesets/rivers.png_0_9_DITHER
X: Loading Surface: ./gfx/tilesets/rivers.png_0_9_DITHER0
X: Loading Surface: ./gfx/tilesets/rivers.png_0_9_DITHER1
X: Loading Surface: ./gfx/tilesets/rivers.png_0_9_DITHER2
X: Loading Surface: ./gfx/tilesets/rivers.png_0_9_DITHER3
X: Loading Surface: ./gfx/tilesets/rivers.png_1_9
X: Loading Surface: ./gfx/tilesets/rivers.png_1_9_DITHER
X: Loading Surface: ./gfx/tilesets/rivers.png_1_9_DITHER0
X: Loading Surface: ./gfx/tilesets/rivers.png_1_9_DITHER1
X: Loading Surface: ./gfx/tilesets/rivers.png_1_9_DITHER2
X: Loading Surface: ./gfx/tilesets/rivers.png_1_9_DITHER3
X: Loading Surface: ./gfx/tilesets/rivers.png_2_9
X: Loading Surface: ./gfx/tilesets/rivers.png_2_9_DITHER
X: Loading Surface: ./gfx/tilesets/rivers.png_2_9_DITHER0
X: Loading Surface: ./gfx/tilesets/rivers.png_2_9_DITHER1
X: Loading Surface: ./gfx/tilesets/rivers.png_2_9_DITHER2
X: Loading Surface: ./gfx/tilesets/rivers.png_2_9_DITHER3
X: Loading Surface: ./gfx/tilesets/rivers.png_0_10
X: Loading Surface: ./gfx/tilesets/rivers.png_0_10_DITHER
X: Loading Surface: ./gfx/tilesets/rivers.png_0_10_DITHER0
X: Loading Surface: ./gfx/tilesets/rivers.png_0_10_DITHER1
X: Loading Surface: ./gfx/tilesets/rivers.png_0_10_DITHER2
X: Loading Surface: ./gfx/tilesets/rivers.png_0_10_DITHER3
X: Loading Surface: ./gfx/tilesets/rivers.png_1_10
X: Loading Surface: ./gfx/tilesets/rivers.png_1_10_DITHER
X: Loading Surface: ./gfx/tilesets/rivers.png_1_10_DITHER0
X: Loading Surface: ./gfx/tilesets/rivers.png_1_10_DITHER1
X: Loading Surface: ./gfx/tilesets/rivers.png_1_10_DITHER2
X: Loading Surface: ./gfx/tilesets/rivers.png_1_10_DITHER3
X: Loading Surface: ./gfx/tilesets/rivers.png_2_10
X: Loading Surface: ./gfx/tilesets/rivers.png_2_10_DITHER
X: Loading Surface: ./gfx/tilesets/rivers.png_2_10_DITHER0
X: Loading Surface: ./gfx/tilesets/rivers.png_2_10_DITHER1
X: Loading Surface: ./gfx/tilesets/rivers.png_2_10_DITHER2
X: Loading Surface: ./gfx/tilesets/rivers.png_2_10_DITHER3
X: Loading Surface: ./gfx/tilesets/coast.png
X: Loading Surface: ./gfx/tilesets/rivermouths.png
X: Loading Surface: ./gfx/tilesets/rivermouths.png_0_0
X: Loading Surface: ./gfx/tilesets/rivermouths.png_0_0_DITHER
X: Loading Surface: ./gfx/tilesets/rivermouths.png_0_0_DITHER0
X: Loading Surface: ./gfx/tilesets/rivermouths.png_0_0_DITHER1
X: Loading Surface: ./gfx/tilesets/rivermouths.png_0_0_DITHER2
X: Loading Surface: ./gfx/tilesets/rivermouths.png_0_0_DITHER3
X: Loading Surface: ./gfx/tilesets/rivermouths.png_1_0
X: Loading Surface: ./gfx/tilesets/rivermouths.png_1_0_DITHER
X: Loading Surface: ./gfx/tilesets/rivermouths.png_1_0_DITHER0
X: Loading Surface: ./gfx/tilesets/rivermouths.png_1_0_DITHER1
X: Loading Surface: ./gfx/tilesets/rivermouths.png_1_0_DITHER2
X: Loading Surface: ./gfx/tilesets/rivermouths.png_1_0_DITHER3
X: Loading Surface: ./gfx/tilesets/rivermouths.png_2_0
X: Loading Surface: ./gfx/tilesets/rivermouths.png_2_0_DITHER
X: Loading Surface: ./gfx/tilesets/rivermouths.png_2_0_DITHER0
X: Loading Surface: ./gfx/tilesets/rivermouths.png_2_0_DITHER1
X: Loading Surface: ./gfx/tilesets/rivermouths.png_2_0_DITHER2
X: Loading Surface: ./gfx/tilesets/rivermouths.png_2_0_DITHER3
X: Loading Surface: ./gfx/tilesets/rivermouths.png_0_1
X: Loading Surface: ./gfx/tilesets/rivermouths.png_0_1_DITHER
X: Loading Surface: ./gfx/tilesets/rivermouths.png_0_1_DITHER0
X: Loading Surface: ./gfx/tilesets/rivermouths.png_0_1_DITHER1
X: Loading Surface: ./gfx/tilesets/rivermouths.png_0_1_DITHER2
X: Loading Surface: ./gfx/tilesets/rivermouths.png_0_1_DITHER3
X: Loading Surface: ./gfx/tilesets/rivermouths.png_1_1
X: Loading Surface: ./gfx/tilesets/rivermouths.png_1_1_DITHER
X: Loading Surface: ./gfx/tilesets/rivermouths.png_1_1_DITHER0
X: Loading Surface: ./gfx/tilesets/rivermouths.png_1_1_DITHER1
X: Loading Surface: ./gfx/tilesets/rivermouths.png_1_1_DITHER2
X: Loading Surface: ./gfx/tilesets/rivermouths.png_1_1_DITHER3
X: Loading Surface: ./gfx/tilesets/rivermouths.png_2_1
X: Loading Surface: ./gfx/tilesets/rivermouths.png_2_1_DITHER
X: Loading Surface: ./gfx/tilesets/rivermouths.png_2_1_DITHER0
X: Loading Surface: ./gfx/tilesets/rivermouths.png_2_1_DITHER1
X: Loading Surface: ./gfx/tilesets/rivermouths.png_2_1_DITHER2
X: Loading Surface: ./gfx/tilesets/rivermouths.png_2_1_DITHER3
X: Loading Surface: ./gfx/tilesets/rivermouths.png_0_2
X: Loading Surface: ./gfx/tilesets/rivermouths.png_0_2_DITHER
X: Loading Surface: ./gfx/tilesets/rivermouths.png_0_2_DITHER0
X: Loading Surface: ./gfx/tilesets/rivermouths.png_0_2_DITHER1
X: Loading Surface: ./gfx/tilesets/rivermouths.png_0_2_DITHER2
X: Loading Surface: ./gfx/tilesets/rivermouths.png_0_2_DITHER3
X: Loading Surface: ./gfx/tilesets/rivermouths.png_1_2
X: Loading Surface: ./gfx/tilesets/rivermouths.png_1_2_DITHER
X: Loading Surface: ./gfx/tilesets/rivermouths.png_1_2_DITHER0
X: Loading Surface: ./gfx/tilesets/rivermouths.png_1_2_DITHER1
X: Loading Surface: ./gfx/tilesets/rivermouths.png_1_2_DITHER2
X: Loading Surface: ./gfx/tilesets/rivermouths.png_1_2_DITHER3
X: Loading Surface: ./gfx/tilesets/rivermouths.png_2_2
X: Loading Surface: ./gfx/tilesets/rivermouths.png_2_2_DITHER
X: Loading Surface: ./gfx/tilesets/rivermouths.png_2_2_DITHER0
X: Loading Surface: ./gfx/tilesets/rivermouths.png_2_2_DITHER1
X: Loading Surface: ./gfx/tilesets/rivermouths.png_2_2_DITHER2
X: Loading Surface: ./gfx/tilesets/rivermouths.png_2_2_DITHER3
X: Loading Surface: ./gfx/tilesets/rivermouths.png_0_3
X: Loading Surface: ./gfx/tilesets/rivermouths.png_0_3_DITHER
X: Loading Surface: ./gfx/tilesets/rivermouths.png_0_3_DITHER0
X: Loading Surface: ./gfx/tilesets/rivermouths.png_0_3_DITHER1
X: Loading Surface: ./gfx/tilesets/rivermouths.png_0_3_DITHER2
X: Loading Surface: ./gfx/tilesets/rivermouths.png_0_3_DITHER3
X: Loading Surface: ./gfx/tilesets/rivermouths.png_1_3
X: Loading Surface: ./gfx/tilesets/rivermouths.png_1_3_DITHER
X: Loading Surface: ./gfx/tilesets/rivermouths.png_1_3_DITHER0
X: Loading Surface: ./gfx/tilesets/rivermouths.png_1_3_DITHER1
X: Loading Surface: ./gfx/tilesets/rivermouths.png_1_3_DITHER2
X: Loading Surface: ./gfx/tilesets/rivermouths.png_1_3_DITHER3
X: Loading Surface: ./gfx/tilesets/rivermouths.png_2_3
X: Loading Surface: ./gfx/tilesets/rivermouths.png_2_3_DITHER
X: Loading Surface: ./gfx/tilesets/rivermouths.png_2_3_DITHER0
X: Loading Surface: ./gfx/tilesets/rivermouths.png_2_3_DITHER1
X: Loading Surface: ./gfx/tilesets/rivermouths.png_2_3_DITHER2
X: Loading Surface: ./gfx/tilesets/rivermouths.png_2_3_DITHER3
X: Loading Surface: ./gfx/tilesets/rivermouths.png_0_4
X: Loading Surface: ./gfx/tilesets/rivermouths.png_0_4_DITHER
X: Loading Surface: ./gfx/tilesets/rivermouths.png_0_4_DITHER0
X: Loading Surface: ./gfx/tilesets/rivermouths.png_0_4_DITHER1
X: Loading Surface: ./gfx/tilesets/rivermouths.png_0_4_DITHER2
X: Loading Surface: ./gfx/tilesets/rivermouths.png_0_4_DITHER3
X: Loading Surface: ./gfx/tilesets/rivermouths.png_1_4
X: Loading Surface: ./gfx/tilesets/rivermouths.png_1_4_DITHER
X: Loading Surface: ./gfx/tilesets/rivermouths.png_1_4_DITHER0
X: Loading Surface: ./gfx/tilesets/rivermouths.png_1_4_DITHER1
X: Loading Surface: ./gfx/tilesets/rivermouths.png_1_4_DITHER2
X: Loading Surface: ./gfx/tilesets/rivermouths.png_1_4_DITHER3
X: Loading Surface: ./gfx/tilesets/rivermouths.png_2_4
X: Loading Surface: ./gfx/tilesets/rivermouths.png_2_4_DITHER
X: Loading Surface: ./gfx/tilesets/rivermouths.png_2_4_DITHER0
X: Loading Surface: ./gfx/tilesets/rivermouths.png_2_4_DITHER1
X: Loading Surface: ./gfx/tilesets/rivermouths.png_2_4_DITHER2
X: Loading Surface: ./gfx/tilesets/rivermouths.png_2_4_DITHER3
X: Loading Surface: ./gfx/tilesets/rivermouths.png_0_5
X: Loading Surface: ./gfx/tilesets/rivermouths.png_0_5_DITHER
X: Loading Surface: ./gfx/tilesets/rivermouths.png_0_5_DITHER0
X: Loading Surface: ./gfx/tilesets/rivermouths.png_0_5_DITHER1
X: Loading Surface: ./gfx/tilesets/rivermouths.png_0_5_DITHER2
X: Loading Surface: ./gfx/tilesets/rivermouths.png_0_5_DITHER3
X: Loading Surface: ./gfx/tilesets/rivermouths.png_1_5
X: Loading Surface: ./gfx/tilesets/rivermouths.png_1_5_DITHER
X: Loading Surface: ./gfx/tilesets/rivermouths.png_1_5_DITHER0
X: Loading Surface: ./gfx/tilesets/rivermouths.png_1_5_DITHER1
X: Loading Surface: ./gfx/tilesets/rivermouths.png_1_5_DITHER2
X: Loading Surface: ./gfx/tilesets/rivermouths.png_1_5_DITHER3
X: Loading Surface: ./gfx/tilesets/rivermouths.png_2_5
X: Loading Surface: ./gfx/tilesets/rivermouths.png_2_5_DITHER
X: Loading Surface: ./gfx/tilesets/rivermouths.png_2_5_DITHER0
X: Loading Surface: ./gfx/tilesets/rivermouths.png_2_5_DITHER1
X: Loading Surface: ./gfx/tilesets/rivermouths.png_2_5_DITHER2
X: Loading Surface: ./gfx/tilesets/rivermouths.png_2_5_DITHER3
X: Loading Surface: ./gfx/tilesets/rivermouths.png_0_6
X: Loading Surface: ./gfx/tilesets/rivermouths.png_0_6_DITHER
X: Loading Surface: ./gfx/tilesets/rivermouths.png_0_6_DITHER0
X: Loading Surface: ./gfx/tilesets/rivermouths.png_0_6_DITHER1
X: Loading Surface: ./gfx/tilesets/rivermouths.png_0_6_DITHER2
X: Loading Surface: ./gfx/tilesets/rivermouths.png_0_6_DITHER3
X: Loading Surface: ./gfx/tilesets/rivermouths.png_1_6
X: Loading Surface: ./gfx/tilesets/rivermouths.png_1_6_DITHER
X: Loading Surface: ./gfx/tilesets/rivermouths.png_1_6_DITHER0
X: Loading Surface: ./gfx/tilesets/rivermouths.png_1_6_DITHER1
X: Loading Surface: ./gfx/tilesets/rivermouths.png_1_6_DITHER2
X: Loading Surface: ./gfx/tilesets/rivermouths.png_1_6_DITHER3
X: Loading Surface: ./gfx/tilesets/rivermouths.png_2_6
X: Loading Surface: ./gfx/tilesets/rivermouths.png_2_6_DITHER
X: Loading Surface: ./gfx/tilesets/rivermouths.png_2_6_DITHER0
X: Loading Surface: ./gfx/tilesets/rivermouths.png_2_6_DITHER1
X: Loading Surface: ./gfx/tilesets/rivermouths.png_2_6_DITHER2
X: Loading Surface: ./gfx/tilesets/rivermouths.png_2_6_DITHER3
X: Loading Surface: ./gfx/tilesets/rivermouths.png_0_7
X: Loading Surface: ./gfx/tilesets/rivermouths.png_0_7_DITHER
X: Loading Surface: ./gfx/tilesets/rivermouths.png_0_7_DITHER0
X: Loading Surface: ./gfx/tilesets/rivermouths.png_0_7_DITHER1
X: Loading Surface: ./gfx/tilesets/rivermouths.png_0_7_DITHER2
X: Loading Surface: ./gfx/tilesets/rivermouths.png_0_7_DITHER3
X: Loading Surface: ./gfx/tilesets/rivermouths.png_1_7
X: Loading Surface: ./gfx/tilesets/rivermouths.png_1_7_DITHER
X: Loading Surface: ./gfx/tilesets/rivermouths.png_1_7_DITHER0
X: Loading Surface: ./gfx/tilesets/rivermouths.png_1_7_DITHER1
X: Loading Surface: ./gfx/tilesets/rivermouths.png_1_7_DITHER2
X: Loading Surface: ./gfx/tilesets/rivermouths.png_1_7_DITHER3
X: Loading Surface: ./gfx/tilesets/rivermouths.png_2_7
X: Loading Surface: ./gfx/tilesets/rivermouths.png_2_7_DITHER
X: Loading Surface: ./gfx/tilesets/rivermouths.png_2_7_DITHER0
X: Loading Surface: ./gfx/tilesets/rivermouths.png_2_7_DITHER1
X: Loading Surface: ./gfx/tilesets/rivermouths.png_2_7_DITHER2
X: Loading Surface: ./gfx/tilesets/rivermouths.png_2_7_DITHER3
X: Loading Surface: ./gfx/tilesets/rivermouths.png_0_8
X: Loading Surface: ./gfx/tilesets/rivermouths.png_0_8_DITHER
X: Loading Surface: ./gfx/tilesets/rivermouths.png_0_8_DITHER0
X: Loading Surface: ./gfx/tilesets/rivermouths.png_0_8_DITHER1
X: Loading Surface: ./gfx/tilesets/rivermouths.png_0_8_DITHER2
X: Loading Surface: ./gfx/tilesets/rivermouths.png_0_8_DITHER3
X: Loading Surface: ./gfx/tilesets/rivermouths.png_1_8
X: Loading Surface: ./gfx/tilesets/rivermouths.png_1_8_DITHER
X: Loading Surface: ./gfx/tilesets/rivermouths.png_1_8_DITHER0
X: Loading Surface: ./gfx/tilesets/rivermouths.png_1_8_DITHER1
X: Loading Surface: ./gfx/tilesets/rivermouths.png_1_8_DITHER2
X: Loading Surface: ./gfx/tilesets/rivermouths.png_1_8_DITHER3
X: Loading Surface: ./gfx/tilesets/rivermouths.png_2_8
X: Loading Surface: ./gfx/tilesets/rivermouths.png_2_8_DITHER
X: Loading Surface: ./gfx/tilesets/rivermouths.png_2_8_DITHER0
X: Loading Surface: ./gfx/tilesets/rivermouths.png_2_8_DITHER1
X: Loading Surface: ./gfx/tilesets/rivermouths.png_2_8_DITHER2
X: Loading Surface: ./gfx/tilesets/rivermouths.png_2_8_DITHER3
X: Loading Surface: ./gfx/tilesets/rivermouths.png_0_9
X: Loading Surface: ./gfx/tilesets/rivermouths.png_0_9_DITHER
X: Loading Surface: ./gfx/tilesets/rivermouths.png_0_9_DITHER0
X: Loading Surface: ./gfx/tilesets/rivermouths.png_0_9_DITHER1
X: Loading Surface: ./gfx/tilesets/rivermouths.png_0_9_DITHER2
X: Loading Surface: ./gfx/tilesets/rivermouths.png_0_9_DITHER3
X: Loading Surface: ./gfx/tilesets/rivermouths.png_1_9
X: Loading Surface: ./gfx/tilesets/rivermouths.png_1_9_DITHER
X: Loading Surface: ./gfx/tilesets/rivermouths.png_1_9_DITHER0
X: Loading Surface: ./gfx/tilesets/rivermouths.png_1_9_DITHER1
X: Loading Surface: ./gfx/tilesets/rivermouths.png_1_9_DITHER2
X: Loading Surface: ./gfx/tilesets/rivermouths.png_1_9_DITHER3
X: Loading Surface: ./gfx/tilesets/rivermouths.png_2_9
X: Loading Surface: ./gfx/tilesets/rivermouths.png_2_9_DITHER
X: Loading Surface: ./gfx/tilesets/rivermouths.png_2_9_DITHER0
X: Loading Surface: ./gfx/tilesets/rivermouths.png_2_9_DITHER1
X: Loading Surface: ./gfx/tilesets/rivermouths.png_2_9_DITHER2
X: Loading Surface: ./gfx/tilesets/rivermouths.png_2_9_DITHER3
X: Loading Surface: ./gfx/tilesets/rivermouths.png_0_10
X: Loading Surface: ./gfx/tilesets/rivermouths.png_0_10_DITHER
X: Loading Surface: ./gfx/tilesets/rivermouths.png_0_10_DITHER0
X: Loading Surface: ./gfx/tilesets/rivermouths.png_0_10_DITHER1
X: Loading Surface: ./gfx/tilesets/rivermouths.png_0_10_DITHER2
X: Loading Surface: ./gfx/tilesets/rivermouths.png_0_10_DITHER3
X: Loading Surface: ./gfx/tilesets/rivermouths.png_1_10
X: Loading Surface: ./gfx/tilesets/rivermouths.png_1_10_DITHER
X: Loading Surface: ./gfx/tilesets/rivermouths.png_1_10_DITHER0
X: Loading Surface: ./gfx/tilesets/rivermouths.png_1_10_DITHER1
X: Loading Surface: ./gfx/tilesets/rivermouths.png_1_10_DITHER2
X: Loading Surface: ./gfx/tilesets/rivermouths.png_1_10_DITHER3
X: Loading Surface: ./gfx/tilesets/rivermouths.png_2_10
X: Loading Surface: ./gfx/tilesets/rivermouths.png_2_10_DITHER
X: Loading Surface: ./gfx/tilesets/rivermouths.png_2_10_DITHER0
X: Loading Surface: ./gfx/tilesets/rivermouths.png_2_10_DITHER1
X: Loading Surface: ./gfx/tilesets/rivermouths.png_2_10_DITHER2
X: Loading Surface: ./gfx/tilesets/rivermouths.png_2_10_DITHER3
X: Loading Surface: ./gfx/tilesets/units.png
X: Loading Surface: ./gfx/tilesets/units.png_0_0
X: Loading Surface: ./gfx/tilesets/units.png_0_0_DITHER
X: Loading Surface: ./gfx/tilesets/units.png_0_0_DITHER0
X: Loading Surface: ./gfx/tilesets/units.png_0_0_DITHER1
X: Loading Surface: ./gfx/tilesets/units.png_0_0_DITHER2
X: Loading Surface: ./gfx/tilesets/units.png_0_0_DITHER3
X: Loading Surface: ./gfx/tilesets/units.png_1_0
X: Loading Surface: ./gfx/tilesets/units.png_1_0_DITHER
X: Loading Surface: ./gfx/tilesets/units.png_1_0_DITHER0
X: Loading Surface: ./gfx/tilesets/units.png_1_0_DITHER1
X: Loading Surface: ./gfx/tilesets/units.png_1_0_DITHER2
X: Loading Surface: ./gfx/tilesets/units.png_1_0_DITHER3
X: Loading Surface: ./gfx/tilesets/units.png_2_0
X: Loading Surface: ./gfx/tilesets/units.png_2_0_DITHER
X: Loading Surface: ./gfx/tilesets/units.png_2_0_DITHER0
X: Loading Surface: ./gfx/tilesets/units.png_2_0_DITHER1
X: Loading Surface: ./gfx/tilesets/units.png_2_0_DITHER2
X: Loading Surface: ./gfx/tilesets/units.png_2_0_DITHER3
X: Loading Surface: ./gfx/tilesets/units.png_3_0
X: Loading Surface: ./gfx/tilesets/units.png_3_0_DITHER
X: Loading Surface: ./gfx/tilesets/units.png_3_0_DITHER0
X: Loading Surface: ./gfx/tilesets/units.png_3_0_DITHER1
X: Loading Surface: ./gfx/tilesets/units.png_3_0_DITHER2
X: Loading Surface: ./gfx/tilesets/units.png_3_0_DITHER3
X: Loading Surface: ./gfx/tilesets/units.png_4_0
X: Loading Surface: ./gfx/tilesets/units.png_4_0_DITHER
X: Loading Surface: ./gfx/tilesets/units.png_4_0_DITHER0
X: Loading Surface: ./gfx/tilesets/units.png_4_0_DITHER1
X: Loading Surface: ./gfx/tilesets/units.png_4_0_DITHER2
X: Loading Surface: ./gfx/tilesets/units.png_4_0_DITHER3
X: Loading Surface: ./gfx/tilesets/units.png_5_0
X: Loading Surface: ./gfx/tilesets/units.png_5_0_DITHER
X: Loading Surface: ./gfx/tilesets/units.png_5_0_DITHER0
X: Loading Surface: ./gfx/tilesets/units.png_5_0_DITHER1
X: Loading Surface: ./gfx/tilesets/units.png_5_0_DITHER2
X: Loading Surface: ./gfx/tilesets/units.png_5_0_DITHER3
X: Loading Surface: ./gfx/tilesets/units.png_6_0
X: Loading Surface: ./gfx/tilesets/units.png_6_0_DITHER
X: Loading Surface: ./gfx/tilesets/units.png_6_0_DITHER0
X: Loading Surface: ./gfx/tilesets/units.png_6_0_DITHER1
X: Loading Surface: ./gfx/tilesets/units.png_6_0_DITHER2
X: Loading Surface: ./gfx/tilesets/units.png_6_0_DITHER3
X: Loading Surface: ./gfx/tilesets/units.png_7_0
X: Loading Surface: ./gfx/tilesets/units.png_7_0_DITHER
X: Loading Surface: ./gfx/tilesets/units.png_7_0_DITHER0
X: Loading Surface: ./gfx/tilesets/units.png_7_0_DITHER1
X: Loading Surface: ./gfx/tilesets/units.png_7_0_DITHER2
X: Loading Surface: ./gfx/tilesets/units.png_7_0_DITHER3
X: Loading Surface: ./gfx/tilesets/units.png_8_0
X: Loading Surface: ./gfx/tilesets/units.png_8_0_DITHER
X: Loading Surface: ./gfx/tilesets/units.png_8_0_DITHER0
X: Loading Surface: ./gfx/tilesets/units.png_8_0_DITHER1
X: Loading Surface: ./gfx/tilesets/units.png_8_0_DITHER2
X: Loading Surface: ./gfx/tilesets/units.png_8_0_DITHER3
X: Loading Surface: ./gfx/tilesets/units.png_9_0
X: Loading Surface: ./gfx/tilesets/units.png_9_0_DITHER
X: Loading Surface: ./gfx/tilesets/units.png_9_0_DITHER0
X: Loading Surface: ./gfx/tilesets/units.png_9_0_DITHER1
X: Loading Surface: ./gfx/tilesets/units.png_9_0_DITHER2
X: Loading Surface: ./gfx/tilesets/units.png_9_0_DITHER3
X: Loading Surface: ./gfx/tilesets/units.png_10_0
X: Loading Surface: ./gfx/tilesets/units.png_10_0_DITHER
X: Loading Surface: ./gfx/tilesets/units.png_10_0_DITHER0
X: Loading Surface: ./gfx/tilesets/units.png_10_0_DITHER1
X: Loading Surface: ./gfx/tilesets/units.png_10_0_DITHER2
X: Loading Surface: ./gfx/tilesets/units.png_10_0_DITHER3
X: Loading Surface: ./gfx/tilesets/units.png_11_0
X: Loading Surface: ./gfx/tilesets/units.png_11_0_DITHER
X: Loading Surface: ./gfx/tilesets/units.png_11_0_DITHER0
X: Loading Surface: ./gfx/tilesets/units.png_11_0_DITHER1
X: Loading Surface: ./gfx/tilesets/units.png_11_0_DITHER2
X: Loading Surface: ./gfx/tilesets/units.png_11_0_DITHER3
X: Loading Surface: ./gfx/tilesets/units.png_12_0
X: Loading Surface: ./gfx/tilesets/units.png_12_0_DITHER
X: Loading Surface: ./gfx/tilesets/units.png_12_0_DITHER0
X: Loading Surface: ./gfx/tilesets/units.png_12_0_DITHER1
X: Loading Surface: ./gfx/tilesets/units.png_12_0_DITHER2
X: Loading Surface: ./gfx/tilesets/units.png_12_0_DITHER3
X: Loading Surface: ./gfx/tilesets/units.png_13_0
X: Loading Surface: ./gfx/tilesets/units.png_13_0_DITHER
X: Loading Surface: ./gfx/tilesets/units.png_13_0_DITHER0
X: Loading Surface: ./gfx/tilesets/units.png_13_0_DITHER1
X: Loading Surface: ./gfx/tilesets/units.png_13_0_DITHER2
X: Loading Surface: ./gfx/tilesets/units.png_13_0_DITHER3
X: Loading Surface: ./gfx/tilesets/units.png_14_0
X: Loading Surface: ./gfx/tilesets/units.png_14_0_DITHER
X: Loading Surface: ./gfx/tilesets/units.png_14_0_DITHER0
X: Loading Surface: ./gfx/tilesets/units.png_14_0_DITHER1
X: Loading Surface: ./gfx/tilesets/units.png_14_0_DITHER2
X: Loading Surface: ./gfx/tilesets/units.png_14_0_DITHER3
X: Loading Surface: ./gfx/tilesets/units.png_15_0
X: Loading Surface: ./gfx/tilesets/units.png_15_0_DITHER
X: Loading Surface: ./gfx/tilesets/units.png_15_0_DITHER0
X: Loading Surface: ./gfx/tilesets/units.png_15_0_DITHER1
X: Loading Surface: ./gfx/tilesets/units.png_15_0_DITHER2
X: Loading Surface: ./gfx/tilesets/units.png_15_0_DITHER3
X: Loading Surface: ./gfx/tilesets/units.png_16_0
X: Loading Surface: ./gfx/tilesets/units.png_16_0_DITHER
X: Loading Surface: ./gfx/tilesets/units.png_16_0_DITHER0
X: Loading Surface: ./gfx/tilesets/units.png_16_0_DITHER1
X: Loading Surface: ./gfx/tilesets/units.png_16_0_DITHER2
X: Loading Surface: ./gfx/tilesets/units.png_16_0_DITHER3
X: Loading Surface: ./gfx/tilesets/units.png_17_0
X: Loading Surface: ./gfx/tilesets/units.png_17_0_DITHER
X: Loading Surface: ./gfx/tilesets/units.png_17_0_DITHER0
X: Loading Surface: ./gfx/tilesets/units.png_17_0_DITHER1
X: Loading Surface: ./gfx/tilesets/units.png_17_0_DITHER2
X: Loading Surface: ./gfx/tilesets/units.png_17_0_DITHER3
X: Loading Surface: ./gfx/tilesets/units.png_18_0
X: Loading Surface: ./gfx/tilesets/units.png_18_0_DITHER
X: Loading Surface: ./gfx/tilesets/units.png_18_0_DITHER0
X: Loading Surface: ./gfx/tilesets/units.png_18_0_DITHER1
X: Loading Surface: ./gfx/tilesets/units.png_18_0_DITHER2
X: Loading Surface: ./gfx/tilesets/units.png_18_0_DITHER3
X: Loading Surface: ./gfx/tilesets/units.png_19_0
X: Loading Surface: ./gfx/tilesets/units.png_19_0_DITHER
X: Loading Surface: ./gfx/tilesets/units.png_19_0_DITHER0
X: Loading Surface: ./gfx/tilesets/units.png_19_0_DITHER1
X: Loading Surface: ./gfx/tilesets/units.png_19_0_DITHER2
X: Loading Surface: ./gfx/tilesets/units.png_19_0_DITHER3
X: Loading Surface: ./gfx/tilesets/units.png_0_1
X: Loading Surface: ./gfx/tilesets/units.png_0_1_DITHER
X: Loading Surface: ./gfx/tilesets/units.png_0_1_DITHER0
X: Loading Surface: ./gfx/tilesets/units.png_0_1_DITHER1
X: Loading Surface: ./gfx/tilesets/units.png_0_1_DITHER2
X: Loading Surface: ./gfx/tilesets/units.png_0_1_DITHER3
X: Loading Surface: ./gfx/tilesets/units.png_1_1
X: Loading Surface: ./gfx/tilesets/units.png_1_1_DITHER
X: Loading Surface: ./gfx/tilesets/units.png_1_1_DITHER0
X: Loading Surface: ./gfx/tilesets/units.png_1_1_DITHER1
X: Loading Surface: ./gfx/tilesets/units.png_1_1_DITHER2
X: Loading Surface: ./gfx/tilesets/units.png_1_1_DITHER3
X: Loading Surface: ./gfx/tilesets/units.png_2_1
X: Loading Surface: ./gfx/tilesets/units.png_2_1_DITHER
X: Loading Surface: ./gfx/tilesets/units.png_2_1_DITHER0
X: Loading Surface: ./gfx/tilesets/units.png_2_1_DITHER1
X: Loading Surface: ./gfx/tilesets/units.png_2_1_DITHER2
X: Loading Surface: ./gfx/tilesets/units.png_2_1_DITHER3
X: Loading Surface: ./gfx/tilesets/units.png_3_1
X: Loading Surface: ./gfx/tilesets/units.png_3_1_DITHER
X: Loading Surface: ./gfx/tilesets/units.png_3_1_DITHER0
X: Loading Surface: ./gfx/tilesets/units.png_3_1_DITHER1
X: Loading Surface: ./gfx/tilesets/units.png_3_1_DITHER2
X: Loading Surface: ./gfx/tilesets/units.png_3_1_DITHER3
X: Loading Surface: ./gfx/tilesets/units.png_4_1
X: Loading Surface: ./gfx/tilesets/units.png_4_1_DITHER
X: Loading Surface: ./gfx/tilesets/units.png_4_1_DITHER0
X: Loading Surface: ./gfx/tilesets/units.png_4_1_DITHER1
X: Loading Surface: ./gfx/tilesets/units.png_4_1_DITHER2
X: Loading Surface: ./gfx/tilesets/units.png_4_1_DITHER3
X: Loading Surface: ./gfx/tilesets/units.png_5_1
X: Loading Surface: ./gfx/tilesets/units.png_5_1_DITHER
X: Loading Surface: ./gfx/tilesets/units.png_5_1_DITHER0
X: Loading Surface: ./gfx/tilesets/units.png_5_1_DITHER1
X: Loading Surface: ./gfx/tilesets/units.png_5_1_DITHER2
X: Loading Surface: ./gfx/tilesets/units.png_5_1_DITHER3
X: Loading Surface: ./gfx/tilesets/units.png_6_1
X: Loading Surface: ./gfx/tilesets/units.png_6_1_DITHER
X: Loading Surface: ./gfx/tilesets/units.png_6_1_DITHER0
X: Loading Surface: ./gfx/tilesets/units.png_6_1_DITHER1
X: Loading Surface: ./gfx/tilesets/units.png_6_1_DITHER2
X: Loading Surface: ./gfx/tilesets/units.png_6_1_DITHER3
X: Loading Surface: ./gfx/tilesets/units.png_7_1
X: Loading Surface: ./gfx/tilesets/units.png_7_1_DITHER
X: Loading Surface: ./gfx/tilesets/units.png_7_1_DITHER0
X: Loading Surface: ./gfx/tilesets/units.png_7_1_DITHER1
X: Loading Surface: ./gfx/tilesets/units.png_7_1_DITHER2
X: Loading Surface: ./gfx/tilesets/units.png_7_1_DITHER3
X: Loading Surface: ./gfx/tilesets/units.png_8_1
X: Loading Surface: ./gfx/tilesets/units.png_8_1_DITHER
X: Loading Surface: ./gfx/tilesets/units.png_8_1_DITHER0
X: Loading Surface: ./gfx/tilesets/units.png_8_1_DITHER1
X: Loading Surface: ./gfx/tilesets/units.png_8_1_DITHER2
X: Loading Surface: ./gfx/tilesets/units.png_8_1_DITHER3
X: Loading Surface: ./gfx/tilesets/units.png_9_1
X: Loading Surface: ./gfx/tilesets/units.png_9_1_DITHER
X: Loading Surface: ./gfx/tilesets/units.png_9_1_DITHER0
X: Loading Surface: ./gfx/tilesets/units.png_9_1_DITHER1
X: Loading Surface: ./gfx/tilesets/units.png_9_1_DITHER2
X: Loading Surface: ./gfx/tilesets/units.png_9_1_DITHER3
X: Loading Surface: ./gfx/tilesets/units.png_10_1
X: Loading Surface: ./gfx/tilesets/units.png_10_1_DITHER
X: Loading Surface: ./gfx/tilesets/units.png_10_1_DITHER0
X: Loading Surface: ./gfx/tilesets/units.png_10_1_DITHER1
X: Loading Surface: ./gfx/tilesets/units.png_10_1_DITHER2
X: Loading Surface: ./gfx/tilesets/units.png_10_1_DITHER3
X: Loading Surface: ./gfx/tilesets/units.png_11_1
X: Loading Surface: ./gfx/tilesets/units.png_11_1_DITHER
X: Loading Surface: ./gfx/tilesets/units.png_11_1_DITHER0
X: Loading Surface: ./gfx/tilesets/units.png_11_1_DITHER1
X: Loading Surface: ./gfx/tilesets/units.png_11_1_DITHER2
X: Loading Surface: ./gfx/tilesets/units.png_11_1_DITHER3
X: Loading Surface: ./gfx/tilesets/units.png_12_1
X: Loading Surface: ./gfx/tilesets/units.png_12_1_DITHER
X: Loading Surface: ./gfx/tilesets/units.png_12_1_DITHER0
X: Loading Surface: ./gfx/tilesets/units.png_12_1_DITHER1
X: Loading Surface: ./gfx/tilesets/units.png_12_1_DITHER2
X: Loading Surface: ./gfx/tilesets/units.png_12_1_DITHER3
X: Loading Surface: ./gfx/tilesets/units.png_13_1
X: Loading Surface: ./gfx/tilesets/units.png_13_1_DITHER
X: Loading Surface: ./gfx/tilesets/units.png_13_1_DITHER0
X: Loading Surface: ./gfx/tilesets/units.png_13_1_DITHER1
X: Loading Surface: ./gfx/tilesets/units.png_13_1_DITHER2
X: Loading Surface: ./gfx/tilesets/units.png_13_1_DITHER3
X: Loading Surface: ./gfx/tilesets/units.png_14_1
X: Loading Surface: ./gfx/tilesets/units.png_14_1_DITHER
X: Loading Surface: ./gfx/tilesets/units.png_14_1_DITHER0
X: Loading Surface: ./gfx/tilesets/units.png_14_1_DITHER1
X: Loading Surface: ./gfx/tilesets/units.png_14_1_DITHER2
X: Loading Surface: ./gfx/tilesets/units.png_14_1_DITHER3
X: Loading Surface: ./gfx/tilesets/units.png_15_1
X: Loading Surface: ./gfx/tilesets/units.png_15_1_DITHER
X: Loading Surface: ./gfx/tilesets/units.png_15_1_DITHER0
X: Loading Surface: ./gfx/tilesets/units.png_15_1_DITHER1
X: Loading Surface: ./gfx/tilesets/units.png_15_1_DITHER2
X: Loading Surface: ./gfx/tilesets/units.png_15_1_DITHER3
X: Loading Surface: ./gfx/tilesets/units.png_16_1
X: Loading Surface: ./gfx/tilesets/units.png_16_1_DITHER
X: Loading Surface: ./gfx/tilesets/units.png_16_1_DITHER0
X: Loading Surface: ./gfx/tilesets/units.png_16_1_DITHER1
X: Loading Surface: ./gfx/tilesets/units.png_16_1_DITHER2
X: Loading Surface: ./gfx/tilesets/units.png_16_1_DITHER3
X: Loading Surface: ./gfx/tilesets/units.png_17_1
X: Loading Surface: ./gfx/tilesets/units.png_17_1_DITHER
X: Loading Surface: ./gfx/tilesets/units.png_17_1_DITHER0
X: Loading Surface: ./gfx/tilesets/units.png_17_1_DITHER1
X: Loading Surface: ./gfx/tilesets/units.png_17_1_DITHER2
X: Loading Surface: ./gfx/tilesets/units.png_17_1_DITHER3
X: Loading Surface: ./gfx/tilesets/units.png_18_1
X: Loading Surface: ./gfx/tilesets/units.png_18_1_DITHER
X: Loading Surface: ./gfx/tilesets/units.png_18_1_DITHER0
X: Loading Surface: ./gfx/tilesets/units.png_18_1_DITHER1
X: Loading Surface: ./gfx/tilesets/units.png_18_1_DITHER2
X: Loading Surface: ./gfx/tilesets/units.png_18_1_DITHER3
X: Loading Surface: ./gfx/tilesets/units.png_19_1
X: Loading Surface: ./gfx/tilesets/units.png_19_1_DITHER
X: Loading Surface: ./gfx/tilesets/units.png_19_1_DITHER0
X: Loading Surface: ./gfx/tilesets/units.png_19_1_DITHER1
X: Loading Surface: ./gfx/tilesets/units.png_19_1_DITHER2
X: Loading Surface: ./gfx/tilesets/units.png_19_1_DITHER3
X: Loading Surface: ./gfx/tilesets/units.png_0_2
X: Loading Surface: ./gfx/tilesets/units.png_0_2_DITHER
X: Loading Surface: ./gfx/tilesets/units.png_0_2_DITHER0
X: Loading Surface: ./gfx/tilesets/units.png_0_2_DITHER1
X: Loading Surface: ./gfx/tilesets/units.png_0_2_DITHER2
X: Loading Surface: ./gfx/tilesets/units.png_0_2_DITHER3
X: Loading Surface: ./gfx/tilesets/units.png_1_2
X: Loading Surface: ./gfx/tilesets/units.png_1_2_DITHER
X: Loading Surface: ./gfx/tilesets/units.png_1_2_DITHER0
X: Loading Surface: ./gfx/tilesets/units.png_1_2_DITHER1
X: Loading Surface: ./gfx/tilesets/units.png_1_2_DITHER2
X: Loading Surface: ./gfx/tilesets/units.png_1_2_DITHER3
X: Loading Surface: ./gfx/tilesets/units.png_2_2
X: Loading Surface: ./gfx/tilesets/units.png_2_2_DITHER
X: Loading Surface: ./gfx/tilesets/units.png_2_2_DITHER0
X: Loading Surface: ./gfx/tilesets/units.png_2_2_DITHER1
X: Loading Surface: ./gfx/tilesets/units.png_2_2_DITHER2
X: Loading Surface: ./gfx/tilesets/units.png_2_2_DITHER3
X: Loading Surface: ./gfx/tilesets/units.png_3_2
X: Loading Surface: ./gfx/tilesets/units.png_3_2_DITHER
X: Loading Surface: ./gfx/tilesets/units.png_3_2_DITHER0
X: Loading Surface: ./gfx/tilesets/units.png_3_2_DITHER1
X: Loading Surface: ./gfx/tilesets/units.png_3_2_DITHER2
X: Loading Surface: ./gfx/tilesets/units.png_3_2_DITHER3
X: Loading Surface: ./gfx/tilesets/units.png_4_2
X: Loading Surface: ./gfx/tilesets/units.png_4_2_DITHER
X: Loading Surface: ./gfx/tilesets/units.png_4_2_DITHER0
X: Loading Surface: ./gfx/tilesets/units.png_4_2_DITHER1
X: Loading Surface: ./gfx/tilesets/units.png_4_2_DITHER2
X: Loading Surface: ./gfx/tilesets/units.png_4_2_DITHER3
X: Loading Surface: ./gfx/tilesets/units.png_5_2
X: Loading Surface: ./gfx/tilesets/units.png_5_2_DITHER
X: Loading Surface: ./gfx/tilesets/units.png_5_2_DITHER0
X: Loading Surface: ./gfx/tilesets/units.png_5_2_DITHER1
X: Loading Surface: ./gfx/tilesets/units.png_5_2_DITHER2
X: Loading Surface: ./gfx/tilesets/units.png_5_2_DITHER3
X: Loading Surface: ./gfx/tilesets/units.png_6_2
X: Loading Surface: ./gfx/tilesets/units.png_6_2_DITHER
X: Loading Surface: ./gfx/tilesets/units.png_6_2_DITHER0
X: Loading Surface: ./gfx/tilesets/units.png_6_2_DITHER1
X: Loading Surface: ./gfx/tilesets/units.png_6_2_DITHER2
X: Loading Surface: ./gfx/tilesets/units.png_6_2_DITHER3
X: Loading Surface: ./gfx/tilesets/units.png_7_2
X: Loading Surface: ./gfx/tilesets/units.png_7_2_DITHER
X: Loading Surface: ./gfx/tilesets/units.png_7_2_DITHER0
X: Loading Surface: ./gfx/tilesets/units.png_7_2_DITHER1
X: Loading Surface: ./gfx/tilesets/units.png_7_2_DITHER2
X: Loading Surface: ./gfx/tilesets/units.png_7_2_DITHER3
X: Loading Surface: ./gfx/tilesets/units.png_8_2
X: Loading Surface: ./gfx/tilesets/units.png_8_2_DITHER
X: Loading Surface: ./gfx/tilesets/units.png_8_2_DITHER0
X: Loading Surface: ./gfx/tilesets/units.png_8_2_DITHER1
X: Loading Surface: ./gfx/tilesets/units.png_8_2_DITHER2
X: Loading Surface: ./gfx/tilesets/units.png_8_2_DITHER3
X: Loading Surface: ./gfx/tilesets/units.png_9_2
X: Loading Surface: ./gfx/tilesets/units.png_9_2_DITHER
X: Loading Surface: ./gfx/tilesets/units.png_9_2_DITHER0
X: Loading Surface: ./gfx/tilesets/units.png_9_2_DITHER1
X: Loading Surface: ./gfx/tilesets/units.png_9_2_DITHER2
X: Loading Surface: ./gfx/tilesets/units.png_9_2_DITHER3
X: Loading Surface: ./gfx/tilesets/units.png_10_2
X: Loading Surface: ./gfx/tilesets/units.png_10_2_DITHER
X: Loading Surface: ./gfx/tilesets/units.png_10_2_DITHER0
X: Loading Surface: ./gfx/tilesets/units.png_10_2_DITHER1
X: Loading Surface: ./gfx/tilesets/units.png_10_2_DITHER2
X: Loading Surface: ./gfx/tilesets/units.png_10_2_DITHER3
X: Loading Surface: ./gfx/tilesets/units.png_11_2
X: Loading Surface: ./gfx/tilesets/units.png_11_2_DITHER
X: Loading Surface: ./gfx/tilesets/units.png_11_2_DITHER0
X: Loading Surface: ./gfx/tilesets/units.png_11_2_DITHER1
X: Loading Surface: ./gfx/tilesets/units.png_11_2_DITHER2
X: Loading Surface: ./gfx/tilesets/units.png_11_2_DITHER3
X: Loading Surface: ./gfx/tilesets/units.png_12_2
X: Loading Surface: ./gfx/tilesets/units.png_12_2_DITHER
X: Loading Surface: ./gfx/tilesets/units.png_12_2_DITHER0
X: Loading Surface: ./gfx/tilesets/units.png_12_2_DITHER1
X: Loading Surface: ./gfx/tilesets/units.png_12_2_DITHER2
X: Loading Surface: ./gfx/tilesets/units.png_12_2_DITHER3
X: Loading Surface: ./gfx/tilesets/units.png_13_2
X: Loading Surface: ./gfx/tilesets/units.png_13_2_DITHER
X: Loading Surface: ./gfx/tilesets/units.png_13_2_DITHER0
X: Loading Surface: ./gfx/tilesets/units.png_13_2_DITHER1
X: Loading Surface: ./gfx/tilesets/units.png_13_2_DITHER2
X: Loading Surface: ./gfx/tilesets/units.png_13_2_DITHER3
X: Loading Surface: ./gfx/tilesets/units.png_14_2
X: Loading Surface: ./gfx/tilesets/units.png_14_2_DITHER
X: Loading Surface: ./gfx/tilesets/units.png_14_2_DITHER0
X: Loading Surface: ./gfx/tilesets/units.png_14_2_DITHER1
X: Loading Surface: ./gfx/tilesets/units.png_14_2_DITHER2
X: Loading Surface: ./gfx/tilesets/units.png_14_2_DITHER3
X: Loading Surface: ./gfx/tilesets/units.png_15_2
X: Loading Surface: ./gfx/tilesets/units.png_15_2_DITHER
X: Loading Surface: ./gfx/tilesets/units.png_15_2_DITHER0
X: Loading Surface: ./gfx/tilesets/units.png_15_2_DITHER1
X: Loading Surface: ./gfx/tilesets/units.png_15_2_DITHER2
X: Loading Surface: ./gfx/tilesets/units.png_15_2_DITHER3
X: Loading Surface: ./gfx/tilesets/units.png_16_2
X: Loading Surface: ./gfx/tilesets/units.png_16_2_DITHER
X: Loading Surface: ./gfx/tilesets/units.png_16_2_DITHER0
X: Loading Surface: ./gfx/tilesets/units.png_16_2_DITHER1
X: Loading Surface: ./gfx/tilesets/units.png_16_2_DITHER2
X: Loading Surface: ./gfx/tilesets/units.png_16_2_DITHER3
X: Loading Surface: ./gfx/tilesets/units.png_17_2
X: Loading Surface: ./gfx/tilesets/units.png_17_2_DITHER
X: Loading Surface: ./gfx/tilesets/units.png_17_2_DITHER0
X: Loading Surface: ./gfx/tilesets/units.png_17_2_DITHER1
X: Loading Surface: ./gfx/tilesets/units.png_17_2_DITHER2
X: Loading Surface: ./gfx/tilesets/units.png_17_2_DITHER3
X: Loading Surface: ./gfx/tilesets/units.png_18_2
X: Loading Surface: ./gfx/tilesets/units.png_18_2_DITHER
X: Loading Surface: ./gfx/tilesets/units.png_18_2_DITHER0
X: Loading Surface: ./gfx/tilesets/units.png_18_2_DITHER1
X: Loading Surface: ./gfx/tilesets/units.png_18_2_DITHER2
X: Loading Surface: ./gfx/tilesets/units.png_18_2_DITHER3
X: Loading Surface: ./gfx/tilesets/units.png_19_2
X: Loading Surface: ./gfx/tilesets/units.png_19_2_DITHER
X: Loading Surface: ./gfx/tilesets/units.png_19_2_DITHER0
X: Loading Surface: ./gfx/tilesets/units.png_19_2_DITHER1
X: Loading Surface: ./gfx/tilesets/units.png_19_2_DITHER2
X: Loading Surface: ./gfx/tilesets/units.png_19_2_DITHER3
X: Loading Font: ./fonts/verdanab.ttf at 12px
X: Loading Surface: ./gfx/tilesets/mousemap.gif
X: Loading Surface: ./gfx/tilesets/unithighlight.png
X: Loading Surface: ./gfx/tilesets/unithighlight.png_0_0
X: Loading Surface: ./gfx/tilesets/unithighlight.png_0_0_DITHER
X: Loading Surface: ./gfx/tilesets/unithighlight.png_0_0_DITHER0
X: Loading Surface: ./gfx/tilesets/unithighlight.png_0_0_DITHER1
X: Loading Surface: ./gfx/tilesets/unithighlight.png_0_0_DITHER2
X: Loading Surface: ./gfx/tilesets/unithighlight.png_0_0_DITHER3
X: Loading Surface: ./gfx/tilesets/unithighlight.png_1_0
X: Loading Surface: ./gfx/tilesets/unithighlight.png_1_0_DITHER
X: Loading Surface: ./gfx/tilesets/unithighlight.png_1_0_DITHER0
X: Loading Surface: ./gfx/tilesets/unithighlight.png_1_0_DITHER1
X: Loading Surface: ./gfx/tilesets/unithighlight.png_1_0_DITHER2
X: Loading Surface: ./gfx/tilesets/unithighlight.png_1_0_DITHER3
X: Loading Surface: ./gfx/tilesets/unithighlight.png_2_0
X: Loading Surface: ./gfx/tilesets/unithighlight.png_2_0_DITHER
X: Loading Surface: ./gfx/tilesets/unithighlight.png_2_0_DITHER0
X: Loading Surface: ./gfx/tilesets/unithighlight.png_2_0_DITHER1
X: Loading Surface: ./gfx/tilesets/unithighlight.png_2_0_DITHER2
X: Loading Surface: ./gfx/tilesets/unithighlight.png_2_0_DITHER3
X: Loading Surface: ./gfx/tilesets/tilehighlight.png
X: Loading Surface: ./gfx/tilesets/hills.png
X: Loading Surface: ./gfx/tilesets/hills.png_0_0
X: Loading Surface: ./gfx/tilesets/hills.png_0_0_DITHER
X: Loading Surface: ./gfx/tilesets/hills.png_0_0_DITHER0
X: Loading Surface: ./gfx/tilesets/hills.png_0_0_DITHER1
X: Loading Surface: ./gfx/tilesets/hills.png_0_0_DITHER2
X: Loading Surface: ./gfx/tilesets/hills.png_0_0_DITHER3
X: Loading Surface: ./gfx/tilesets/hills.png_1_0
X: Loading Surface: ./gfx/tilesets/hills.png_1_0_DITHER
X: Loading Surface: ./gfx/tilesets/hills.png_1_0_DITHER0
X: Loading Surface: ./gfx/tilesets/hills.png_1_0_DITHER1
X: Loading Surface: ./gfx/tilesets/hills.png_1_0_DITHER2
X: Loading Surface: ./gfx/tilesets/hills.png_1_0_DITHER3
X: Loading Surface: ./gfx/tilesets/hills.png_2_0
X: Loading Surface: ./gfx/tilesets/hills.png_2_0_DITHER
X: Loading Surface: ./gfx/tilesets/hills.png_2_0_DITHER0
X: Loading Surface: ./gfx/tilesets/hills.png_2_0_DITHER1
X: Loading Surface: ./gfx/tilesets/hills.png_2_0_DITHER2
X: Loading Surface: ./gfx/tilesets/hills.png_2_0_DITHER3
X: Loading Surface: ./gfx/tilesets/hills.png_0_1
X: Loading Surface: ./gfx/tilesets/hills.png_0_1_DITHER
X: Loading Surface: ./gfx/tilesets/hills.png_0_1_DITHER0
X: Loading Surface: ./gfx/tilesets/hills.png_0_1_DITHER1
X: Loading Surface: ./gfx/tilesets/hills.png_0_1_DITHER2
X: Loading Surface: ./gfx/tilesets/hills.png_0_1_DITHER3
X: Loading Surface: ./gfx/tilesets/hills.png_1_1
X: Loading Surface: ./gfx/tilesets/hills.png_1_1_DITHER
X: Loading Surface: ./gfx/tilesets/hills.png_1_1_DITHER0
X: Loading Surface: ./gfx/tilesets/hills.png_1_1_DITHER1
X: Loading Surface: ./gfx/tilesets/hills.png_1_1_DITHER2
X: Loading Surface: ./gfx/tilesets/hills.png_1_1_DITHER3
X: Loading Surface: ./gfx/tilesets/hills.png_2_1
X: Loading Surface: ./gfx/tilesets/hills.png_2_1_DITHER
X: Loading Surface: ./gfx/tilesets/hills.png_2_1_DITHER0
X: Loading Surface: ./gfx/tilesets/hills.png_2_1_DITHER1
X: Loading Surface: ./gfx/tilesets/hills.png_2_1_DITHER2
X: Loading Surface: ./gfx/tilesets/hills.png_2_1_DITHER3
X: Loading Surface: ./gfx/tilesets/hills.png_0_2
X: Loading Surface: ./gfx/tilesets/hills.png_0_2_DITHER
X: Loading Surface: ./gfx/tilesets/hills.png_0_2_DITHER0
X: Loading Surface: ./gfx/tilesets/hills.png_0_2_DITHER1
X: Loading Surface: ./gfx/tilesets/hills.png_0_2_DITHER2
X: Loading Surface: ./gfx/tilesets/hills.png_0_2_DITHER3
X: Loading Surface: ./gfx/tilesets/hills.png_1_2
X: Loading Surface: ./gfx/tilesets/hills.png_1_2_DITHER
X: Loading Surface: ./gfx/tilesets/hills.png_1_2_DITHER0
X: Loading Surface: ./gfx/tilesets/hills.png_1_2_DITHER1
X: Loading Surface: ./gfx/tilesets/hills.png_1_2_DITHER2
X: Loading Surface: ./gfx/tilesets/hills.png_1_2_DITHER3
X: Loading Surface: ./gfx/tilesets/hills.png_2_2
X: Loading Surface: ./gfx/tilesets/hills.png_2_2_DITHER
X: Loading Surface: ./gfx/tilesets/hills.png_2_2_DITHER0
X: Loading Surface: ./gfx/tilesets/hills.png_2_2_DITHER1
X: Loading Surface: ./gfx/tilesets/hills.png_2_2_DITHER2
X: Loading Surface: ./gfx/tilesets/hills.png_2_2_DITHER3
X: Loading Surface: ./gfx/tilesets/hills.png_0_3
X: Loading Surface: ./gfx/tilesets/hills.png_0_3_DITHER
X: Loading Surface: ./gfx/tilesets/hills.png_0_3_DITHER0
X: Loading Surface: ./gfx/tilesets/hills.png_0_3_DITHER1
X: Loading Surface: ./gfx/tilesets/hills.png_0_3_DITHER2
X: Loading Surface: ./gfx/tilesets/hills.png_0_3_DITHER3
X: Loading Surface: ./gfx/tilesets/hills.png_1_3
X: Loading Surface: ./gfx/tilesets/hills.png_1_3_DITHER
X: Loading Surface: ./gfx/tilesets/hills.png_1_3_DITHER0
X: Loading Surface: ./gfx/tilesets/hills.png_1_3_DITHER1
X: Loading Surface: ./gfx/tilesets/hills.png_1_3_DITHER2
X: Loading Surface: ./gfx/tilesets/hills.png_1_3_DITHER3
X: Loading Surface: ./gfx/tilesets/hills.png_2_3
X: Loading Surface: ./gfx/tilesets/hills.png_2_3_DITHER
X: Loading Surface: ./gfx/tilesets/hills.png_2_3_DITHER0
X: Loading Surface: ./gfx/tilesets/hills.png_2_3_DITHER1
X: Loading Surface: ./gfx/tilesets/hills.png_2_3_DITHER2
X: Loading Surface: ./gfx/tilesets/hills.png_2_3_DITHER3
X: Loading Surface: ./gfx/tilesets/hills.png_0_4
X: Loading Surface: ./gfx/tilesets/hills.png_0_4_DITHER
X: Loading Surface: ./gfx/tilesets/hills.png_0_4_DITHER0
X: Loading Surface: ./gfx/tilesets/hills.png_0_4_DITHER1
X: Loading Surface: ./gfx/tilesets/hills.png_0_4_DITHER2
X: Loading Surface: ./gfx/tilesets/hills.png_0_4_DITHER3
X: Loading Surface: ./gfx/tilesets/hills.png_1_4
X: Loading Surface: ./gfx/tilesets/hills.png_1_4_DITHER
X: Loading Surface: ./gfx/tilesets/hills.png_1_4_DITHER0
X: Loading Surface: ./gfx/tilesets/hills.png_1_4_DITHER1
X: Loading Surface: ./gfx/tilesets/hills.png_1_4_DITHER2
X: Loading Surface: ./gfx/tilesets/hills.png_1_4_DITHER3
X: Loading Surface: ./gfx/tilesets/hills.png_2_4
X: Loading Surface: ./gfx/tilesets/hills.png_2_4_DITHER
X: Loading Surface: ./gfx/tilesets/hills.png_2_4_DITHER0
X: Loading Surface: ./gfx/tilesets/hills.png_2_4_DITHER1
X: Loading Surface: ./gfx/tilesets/hills.png_2_4_DITHER2
X: Loading Surface: ./gfx/tilesets/hills.png_2_4_DITHER3
X: Loading Surface: ./gfx/tilesets/hills.png_0_5
X: Loading Surface: ./gfx/tilesets/hills.png_0_5_DITHER
X: Loading Surface: ./gfx/tilesets/hills.png_0_5_DITHER0
X: Loading Surface: ./gfx/tilesets/hills.png_0_5_DITHER1
X: Loading Surface: ./gfx/tilesets/hills.png_0_5_DITHER2
X: Loading Surface: ./gfx/tilesets/hills.png_0_5_DITHER3
X: Loading Surface: ./gfx/tilesets/hills.png_1_5
X: Loading Surface: ./gfx/tilesets/hills.png_1_5_DITHER
X: Loading Surface: ./gfx/tilesets/hills.png_1_5_DITHER0
X: Loading Surface: ./gfx/tilesets/hills.png_1_5_DITHER1
X: Loading Surface: ./gfx/tilesets/hills.png_1_5_DITHER2
X: Loading Surface: ./gfx/tilesets/hills.png_1_5_DITHER3
X: Loading Surface: ./gfx/tilesets/hills.png_2_5
X: Loading Surface: ./gfx/tilesets/hills.png_2_5_DITHER
X: Loading Surface: ./gfx/tilesets/hills.png_2_5_DITHER0
X: Loading Surface: ./gfx/tilesets/hills.png_2_5_DITHER1
X: Loading Surface: ./gfx/tilesets/hills.png_2_5_DITHER2
X: Loading Surface: ./gfx/tilesets/hills.png_2_5_DITHER3
X: Loading Surface: ./gfx/tilesets/hills.png_0_6
X: Loading Surface: ./gfx/tilesets/hills.png_0_6_DITHER
X: Loading Surface: ./gfx/tilesets/hills.png_0_6_DITHER0
X: Loading Surface: ./gfx/tilesets/hills.png_0_6_DITHER1
X: Loading Surface: ./gfx/tilesets/hills.png_0_6_DITHER2
X: Loading Surface: ./gfx/tilesets/hills.png_0_6_DITHER3
X: Loading Surface: ./gfx/tilesets/hills.png_1_6
X: Loading Surface: ./gfx/tilesets/hills.png_1_6_DITHER
X: Loading Surface: ./gfx/tilesets/hills.png_1_6_DITHER0
X: Loading Surface: ./gfx/tilesets/hills.png_1_6_DITHER1
X: Loading Surface: ./gfx/tilesets/hills.png_1_6_DITHER2
X: Loading Surface: ./gfx/tilesets/hills.png_1_6_DITHER3
X: Loading Surface: ./gfx/tilesets/hills.png_2_6
X: Loading Surface: ./gfx/tilesets/hills.png_2_6_DITHER
X: Loading Surface: ./gfx/tilesets/hills.png_2_6_DITHER0
X: Loading Surface: ./gfx/tilesets/hills.png_2_6_DITHER1
X: Loading Surface: ./gfx/tilesets/hills.png_2_6_DITHER2
X: Loading Surface: ./gfx/tilesets/hills.png_2_6_DITHER3
X: Loading Surface: ./gfx/tilesets/hills.png_0_7
X: Loading Surface: ./gfx/tilesets/hills.png_0_7_DITHER
X: Loading Surface: ./gfx/tilesets/hills.png_0_7_DITHER0
X: Loading Surface: ./gfx/tilesets/hills.png_0_7_DITHER1
X: Loading Surface: ./gfx/tilesets/hills.png_0_7_DITHER2
X: Loading Surface: ./gfx/tilesets/hills.png_0_7_DITHER3
X: Loading Surface: ./gfx/tilesets/hills.png_1_7
X: Loading Surface: ./gfx/tilesets/hills.png_1_7_DITHER
X: Loading Surface: ./gfx/tilesets/hills.png_1_7_DITHER0
X: Loading Surface: ./gfx/tilesets/hills.png_1_7_DITHER1
X: Loading Surface: ./gfx/tilesets/hills.png_1_7_DITHER2
X: Loading Surface: ./gfx/tilesets/hills.png_1_7_DITHER3
X: Loading Surface: ./gfx/tilesets/hills.png_2_7
X: Loading Surface: ./gfx/tilesets/hills.png_2_7_DITHER
X: Loading Surface: ./gfx/tilesets/hills.png_2_7_DITHER0
X: Loading Surface: ./gfx/tilesets/hills.png_2_7_DITHER1
X: Loading Surface: ./gfx/tilesets/hills.png_2_7_DITHER2
X: Loading Surface: ./gfx/tilesets/hills.png_2_7_DITHER3
X: Loading Surface: ./gfx/tilesets/hills.png_0_8
X: Loading Surface: ./gfx/tilesets/hills.png_0_8_DITHER
X: Loading Surface: ./gfx/tilesets/hills.png_0_8_DITHER0
X: Loading Surface: ./gfx/tilesets/hills.png_0_8_DITHER1
X: Loading Surface: ./gfx/tilesets/hills.png_0_8_DITHER2
X: Loading Surface: ./gfx/tilesets/hills.png_0_8_DITHER3
X: Loading Surface: ./gfx/tilesets/hills.png_1_8
X: Loading Surface: ./gfx/tilesets/hills.png_1_8_DITHER
X: Loading Surface: ./gfx/tilesets/hills.png_1_8_DITHER0
X: Loading Surface: ./gfx/tilesets/hills.png_1_8_DITHER1
X: Loading Surface: ./gfx/tilesets/hills.png_1_8_DITHER2
X: Loading Surface: ./gfx/tilesets/hills.png_1_8_DITHER3
X: Loading Surface: ./gfx/tilesets/hills.png_2_8
X: Loading Surface: ./gfx/tilesets/hills.png_2_8_DITHER
X: Loading Surface: ./gfx/tilesets/hills.png_2_8_DITHER0
X: Loading Surface: ./gfx/tilesets/hills.png_2_8_DITHER1
X: Loading Surface: ./gfx/tilesets/hills.png_2_8_DITHER2
X: Loading Surface: ./gfx/tilesets/hills.png_2_8_DITHER3
X: Loading Surface: ./gfx/tilesets/hills.png_0_9
X: Loading Surface: ./gfx/tilesets/hills.png_0_9_DITHER
X: Loading Surface: ./gfx/tilesets/hills.png_0_9_DITHER0
X: Loading Surface: ./gfx/tilesets/hills.png_0_9_DITHER1
X: Loading Surface: ./gfx/tilesets/hills.png_0_9_DITHER2
X: Loading Surface: ./gfx/tilesets/hills.png_0_9_DITHER3
X: Loading Surface: ./gfx/tilesets/hills.png_1_9
X: Loading Surface: ./gfx/tilesets/hills.png_1_9_DITHER
X: Loading Surface: ./gfx/tilesets/hills.png_1_9_DITHER0
X: Loading Surface: ./gfx/tilesets/hills.png_1_9_DITHER1
X: Loading Surface: ./gfx/tilesets/hills.png_1_9_DITHER2
X: Loading Surface: ./gfx/tilesets/hills.png_1_9_DITHER3
X: Loading Surface: ./gfx/tilesets/hills.png_2_9
X: Loading Surface: ./gfx/tilesets/hills.png_2_9_DITHER
X: Loading Surface: ./gfx/tilesets/hills.png_2_9_DITHER0
X: Loading Surface: ./gfx/tilesets/hills.png_2_9_DITHER1
X: Loading Surface: ./gfx/tilesets/hills.png_2_9_DITHER2
X: Loading Surface: ./gfx/tilesets/hills.png_2_9_DITHER3
X: Loading Surface: ./gfx/tilesets/hills.png_0_10
X: Loading Surface: ./gfx/tilesets/hills.png_0_10_DITHER
X: Loading Surface: ./gfx/tilesets/hills.png_0_10_DITHER0
X: Loading Surface: ./gfx/tilesets/hills.png_0_10_DITHER1
X: Loading Surface: ./gfx/tilesets/hills.png_0_10_DITHER2
X: Loading Surface: ./gfx/tilesets/hills.png_0_10_DITHER3
X: Loading Surface: ./gfx/tilesets/hills.png_1_10
X: Loading Surface: ./gfx/tilesets/hills.png_1_10_DITHER
X: Loading Surface: ./gfx/tilesets/hills.png_1_10_DITHER0
X: Loading Surface: ./gfx/tilesets/hills.png_1_10_DITHER1
X: Loading Surface: ./gfx/tilesets/hills.png_1_10_DITHER2
X: Loading Surface: ./gfx/tilesets/hills.png_1_10_DITHER3
X: Loading Surface: ./gfx/tilesets/hills.png_2_10
X: Loading Surface: ./gfx/tilesets/hills.png_2_10_DITHER
X: Loading Surface: ./gfx/tilesets/hills.png_2_10_DITHER0
X: Loading Surface: ./gfx/tilesets/hills.png_2_10_DITHER1
X: Loading Surface: ./gfx/tilesets/hills.png_2_10_DITHER2
X: Loading Surface: ./gfx/tilesets/hills.png_2_10_DITHER3
X: Loading Surface: ./gfx/tilesets/mountains.png
X: Loading Surface: ./gfx/tilesets/mountains.png_0_0
X: Loading Surface: ./gfx/tilesets/mountains.png_0_0_DITHER
X: Loading Surface: ./gfx/tilesets/mountains.png_0_0_DITHER0
X: Loading Surface: ./gfx/tilesets/mountains.png_0_0_DITHER1
X: Loading Surface: ./gfx/tilesets/mountains.png_0_0_DITHER2
X: Loading Surface: ./gfx/tilesets/mountains.png_0_0_DITHER3
X: Loading Surface: ./gfx/tilesets/mountains.png_1_0
X: Loading Surface: ./gfx/tilesets/mountains.png_1_0_DITHER
X: Loading Surface: ./gfx/tilesets/mountains.png_1_0_DITHER0
X: Loading Surface: ./gfx/tilesets/mountains.png_1_0_DITHER1
X: Loading Surface: ./gfx/tilesets/mountains.png_1_0_DITHER2
X: Loading Surface: ./gfx/tilesets/mountains.png_1_0_DITHER3
X: Loading Surface: ./gfx/tilesets/mountains.png_2_0
X: Loading Surface: ./gfx/tilesets/mountains.png_2_0_DITHER
X: Loading Surface: ./gfx/tilesets/mountains.png_2_0_DITHER0
X: Loading Surface: ./gfx/tilesets/mountains.png_2_0_DITHER1
X: Loading Surface: ./gfx/tilesets/mountains.png_2_0_DITHER2
X: Loading Surface: ./gfx/tilesets/mountains.png_2_0_DITHER3
X: Loading Surface: ./gfx/tilesets/mountains.png_0_1
X: Loading Surface: ./gfx/tilesets/mountains.png_0_1_DITHER
X: Loading Surface: ./gfx/tilesets/mountains.png_0_1_DITHER0
X: Loading Surface: ./gfx/tilesets/mountains.png_0_1_DITHER1
X: Loading Surface: ./gfx/tilesets/mountains.png_0_1_DITHER2
X: Loading Surface: ./gfx/tilesets/mountains.png_0_1_DITHER3
X: Loading Surface: ./gfx/tilesets/mountains.png_1_1
X: Loading Surface: ./gfx/tilesets/mountains.png_1_1_DITHER
X: Loading Surface: ./gfx/tilesets/mountains.png_1_1_DITHER0
X: Loading Surface: ./gfx/tilesets/mountains.png_1_1_DITHER1
X: Loading Surface: ./gfx/tilesets/mountains.png_1_1_DITHER2
X: Loading Surface: ./gfx/tilesets/mountains.png_1_1_DITHER3
X: Loading Surface: ./gfx/tilesets/mountains.png_2_1
X: Loading Surface: ./gfx/tilesets/mountains.png_2_1_DITHER
X: Loading Surface: ./gfx/tilesets/mountains.png_2_1_DITHER0
X: Loading Surface: ./gfx/tilesets/mountains.png_2_1_DITHER1
X: Loading Surface: ./gfx/tilesets/mountains.png_2_1_DITHER2
X: Loading Surface: ./gfx/tilesets/mountains.png_2_1_DITHER3
X: Loading Surface: ./gfx/tilesets/mountains.png_0_2
X: Loading Surface: ./gfx/tilesets/mountains.png_0_2_DITHER
X: Loading Surface: ./gfx/tilesets/mountains.png_0_2_DITHER0
X: Loading Surface: ./gfx/tilesets/mountains.png_0_2_DITHER1
X: Loading Surface: ./gfx/tilesets/mountains.png_0_2_DITHER2
X: Loading Surface: ./gfx/tilesets/mountains.png_0_2_DITHER3
X: Loading Surface: ./gfx/tilesets/mountains.png_1_2
X: Loading Surface: ./gfx/tilesets/mountains.png_1_2_DITHER
X: Loading Surface: ./gfx/tilesets/mountains.png_1_2_DITHER0
X: Loading Surface: ./gfx/tilesets/mountains.png_1_2_DITHER1
X: Loading Surface: ./gfx/tilesets/mountains.png_1_2_DITHER2
X: Loading Surface: ./gfx/tilesets/mountains.png_1_2_DITHER3
X: Loading Surface: ./gfx/tilesets/mountains.png_2_2
X: Loading Surface: ./gfx/tilesets/mountains.png_2_2_DITHER
X: Loading Surface: ./gfx/tilesets/mountains.png_2_2_DITHER0
X: Loading Surface: ./gfx/tilesets/mountains.png_2_2_DITHER1
X: Loading Surface: ./gfx/tilesets/mountains.png_2_2_DITHER2
X: Loading Surface: ./gfx/tilesets/mountains.png_2_2_DITHER3
X: Loading Surface: ./gfx/tilesets/mountains.png_0_3
X: Loading Surface: ./gfx/tilesets/mountains.png_0_3_DITHER
X: Loading Surface: ./gfx/tilesets/mountains.png_0_3_DITHER0
X: Loading Surface: ./gfx/tilesets/mountains.png_0_3_DITHER1
X: Loading Surface: ./gfx/tilesets/mountains.png_0_3_DITHER2
X: Loading Surface: ./gfx/tilesets/mountains.png_0_3_DITHER3
X: Loading Surface: ./gfx/tilesets/mountains.png_1_3
X: Loading Surface: ./gfx/tilesets/mountains.png_1_3_DITHER
X: Loading Surface: ./gfx/tilesets/mountains.png_1_3_DITHER0
X: Loading Surface: ./gfx/tilesets/mountains.png_1_3_DITHER1
X: Loading Surface: ./gfx/tilesets/mountains.png_1_3_DITHER2
X: Loading Surface: ./gfx/tilesets/mountains.png_1_3_DITHER3
X: Loading Surface: ./gfx/tilesets/mountains.png_2_3
X: Loading Surface: ./gfx/tilesets/mountains.png_2_3_DITHER
X: Loading Surface: ./gfx/tilesets/mountains.png_2_3_DITHER0
X: Loading Surface: ./gfx/tilesets/mountains.png_2_3_DITHER1
X: Loading Surface: ./gfx/tilesets/mountains.png_2_3_DITHER2
X: Loading Surface: ./gfx/tilesets/mountains.png_2_3_DITHER3
X: Loading Surface: ./gfx/tilesets/mountains.png_0_4
X: Loading Surface: ./gfx/tilesets/mountains.png_0_4_DITHER
X: Loading Surface: ./gfx/tilesets/mountains.png_0_4_DITHER0
X: Loading Surface: ./gfx/tilesets/mountains.png_0_4_DITHER1
X: Loading Surface: ./gfx/tilesets/mountains.png_0_4_DITHER2
X: Loading Surface: ./gfx/tilesets/mountains.png_0_4_DITHER3
X: Loading Surface: ./gfx/tilesets/mountains.png_1_4
X: Loading Surface: ./gfx/tilesets/mountains.png_1_4_DITHER
X: Loading Surface: ./gfx/tilesets/mountains.png_1_4_DITHER0
X: Loading Surface: ./gfx/tilesets/mountains.png_1_4_DITHER1
X: Loading Surface: ./gfx/tilesets/mountains.png_1_4_DITHER2
X: Loading Surface: ./gfx/tilesets/mountains.png_1_4_DITHER3
X: Loading Surface: ./gfx/tilesets/mountains.png_2_4
X: Loading Surface: ./gfx/tilesets/mountains.png_2_4_DITHER
X: Loading Surface: ./gfx/tilesets/mountains.png_2_4_DITHER0
X: Loading Surface: ./gfx/tilesets/mountains.png_2_4_DITHER1
X: Loading Surface: ./gfx/tilesets/mountains.png_2_4_DITHER2
X: Loading Surface: ./gfx/tilesets/mountains.png_2_4_DITHER3
X: Loading Surface: ./gfx/tilesets/mountains.png_0_5
X: Loading Surface: ./gfx/tilesets/mountains.png_0_5_DITHER
X: Loading Surface: ./gfx/tilesets/mountains.png_0_5_DITHER0
X: Loading Surface: ./gfx/tilesets/mountains.png_0_5_DITHER1
X: Loading Surface: ./gfx/tilesets/mountains.png_0_5_DITHER2
X: Loading Surface: ./gfx/tilesets/mountains.png_0_5_DITHER3
X: Loading Surface: ./gfx/tilesets/mountains.png_1_5
X: Loading Surface: ./gfx/tilesets/mountains.png_1_5_DITHER
X: Loading Surface: ./gfx/tilesets/mountains.png_1_5_DITHER0
X: Loading Surface: ./gfx/tilesets/mountains.png_1_5_DITHER1
X: Loading Surface: ./gfx/tilesets/mountains.png_1_5_DITHER2
X: Loading Surface: ./gfx/tilesets/mountains.png_1_5_DITHER3
X: Loading Surface: ./gfx/tilesets/mountains.png_2_5
X: Loading Surface: ./gfx/tilesets/mountains.png_2_5_DITHER
X: Loading Surface: ./gfx/tilesets/mountains.png_2_5_DITHER0
X: Loading Surface: ./gfx/tilesets/mountains.png_2_5_DITHER1
X: Loading Surface: ./gfx/tilesets/mountains.png_2_5_DITHER2
X: Loading Surface: ./gfx/tilesets/mountains.png_2_5_DITHER3
X: Loading Surface: ./gfx/tilesets/mountains.png_0_6
X: Loading Surface: ./gfx/tilesets/mountains.png_0_6_DITHER
X: Loading Surface: ./gfx/tilesets/mountains.png_0_6_DITHER0
X: Loading Surface: ./gfx/tilesets/mountains.png_0_6_DITHER1
X: Loading Surface: ./gfx/tilesets/mountains.png_0_6_DITHER2
X: Loading Surface: ./gfx/tilesets/mountains.png_0_6_DITHER3
X: Loading Surface: ./gfx/tilesets/mountains.png_1_6
X: Loading Surface: ./gfx/tilesets/mountains.png_1_6_DITHER
X: Loading Surface: ./gfx/tilesets/mountains.png_1_6_DITHER0
X: Loading Surface: ./gfx/tilesets/mountains.png_1_6_DITHER1
X: Loading Surface: ./gfx/tilesets/mountains.png_1_6_DITHER2
X: Loading Surface: ./gfx/tilesets/mountains.png_1_6_DITHER3
X: Loading Surface: ./gfx/tilesets/mountains.png_2_6
X: Loading Surface: ./gfx/tilesets/mountains.png_2_6_DITHER
X: Loading Surface: ./gfx/tilesets/mountains.png_2_6_DITHER0
X: Loading Surface: ./gfx/tilesets/mountains.png_2_6_DITHER1
X: Loading Surface: ./gfx/tilesets/mountains.png_2_6_DITHER2
X: Loading Surface: ./gfx/tilesets/mountains.png_2_6_DITHER3
X: Loading Surface: ./gfx/tilesets/mountains.png_0_7
X: Loading Surface: ./gfx/tilesets/mountains.png_0_7_DITHER
X: Loading Surface: ./gfx/tilesets/mountains.png_0_7_DITHER0
X: Loading Surface: ./gfx/tilesets/mountains.png_0_7_DITHER1
X: Loading Surface: ./gfx/tilesets/mountains.png_0_7_DITHER2
X: Loading Surface: ./gfx/tilesets/mountains.png_0_7_DITHER3
X: Loading Surface: ./gfx/tilesets/mountains.png_1_7
X: Loading Surface: ./gfx/tilesets/mountains.png_1_7_DITHER
X: Loading Surface: ./gfx/tilesets/mountains.png_1_7_DITHER0
X: Loading Surface: ./gfx/tilesets/mountains.png_1_7_DITHER1
X: Loading Surface: ./gfx/tilesets/mountains.png_1_7_DITHER2
X: Loading Surface: ./gfx/tilesets/mountains.png_1_7_DITHER3
X: Loading Surface: ./gfx/tilesets/mountains.png_2_7
X: Loading Surface: ./gfx/tilesets/mountains.png_2_7_DITHER
X: Loading Surface: ./gfx/tilesets/mountains.png_2_7_DITHER0
X: Loading Surface: ./gfx/tilesets/mountains.png_2_7_DITHER1
X: Loading Surface: ./gfx/tilesets/mountains.png_2_7_DITHER2
X: Loading Surface: ./gfx/tilesets/mountains.png_2_7_DITHER3
X: Loading Surface: ./gfx/tilesets/mountains.png_0_8
X: Loading Surface: ./gfx/tilesets/mountains.png_0_8_DITHER
X: Loading Surface: ./gfx/tilesets/mountains.png_0_8_DITHER0
X: Loading Surface: ./gfx/tilesets/mountains.png_0_8_DITHER1
X: Loading Surface: ./gfx/tilesets/mountains.png_0_8_DITHER2
X: Loading Surface: ./gfx/tilesets/mountains.png_0_8_DITHER3
X: Loading Surface: ./gfx/tilesets/mountains.png_1_8
X: Loading Surface: ./gfx/tilesets/mountains.png_1_8_DITHER
X: Loading Surface: ./gfx/tilesets/mountains.png_1_8_DITHER0
X: Loading Surface: ./gfx/tilesets/mountains.png_1_8_DITHER1
X: Loading Surface: ./gfx/tilesets/mountains.png_1_8_DITHER2
X: Loading Surface: ./gfx/tilesets/mountains.png_1_8_DITHER3
X: Loading Surface: ./gfx/tilesets/mountains.png_2_8
X: Loading Surface: ./gfx/tilesets/mountains.png_2_8_DITHER
X: Loading Surface: ./gfx/tilesets/mountains.png_2_8_DITHER0
X: Loading Surface: ./gfx/tilesets/mountains.png_2_8_DITHER1
X: Loading Surface: ./gfx/tilesets/mountains.png_2_8_DITHER2
X: Loading Surface: ./gfx/tilesets/mountains.png_2_8_DITHER3
X: Loading Surface: ./gfx/tilesets/mountains.png_0_9
X: Loading Surface: ./gfx/tilesets/mountains.png_0_9_DITHER
X: Loading Surface: ./gfx/tilesets/mountains.png_0_9_DITHER0
X: Loading Surface: ./gfx/tilesets/mountains.png_0_9_DITHER1
X: Loading Surface: ./gfx/tilesets/mountains.png_0_9_DITHER2
X: Loading Surface: ./gfx/tilesets/mountains.png_0_9_DITHER3
X: Loading Surface: ./gfx/tilesets/mountains.png_1_9
X: Loading Surface: ./gfx/tilesets/mountains.png_1_9_DITHER
X: Loading Surface: ./gfx/tilesets/mountains.png_1_9_DITHER0
X: Loading Surface: ./gfx/tilesets/mountains.png_1_9_DITHER1
X: Loading Surface: ./gfx/tilesets/mountains.png_1_9_DITHER2
X: Loading Surface: ./gfx/tilesets/mountains.png_1_9_DITHER3
X: Loading Surface: ./gfx/tilesets/mountains.png_2_9
X: Loading Surface: ./gfx/tilesets/mountains.png_2_9_DITHER
X: Loading Surface: ./gfx/tilesets/mountains.png_2_9_DITHER0
X: Loading Surface: ./gfx/tilesets/mountains.png_2_9_DITHER1
X: Loading Surface: ./gfx/tilesets/mountains.png_2_9_DITHER2
X: Loading Surface: ./gfx/tilesets/mountains.png_2_9_DITHER3
X: Loading Surface: ./gfx/tilesets/mountains.png_0_10
X: Loading Surface: ./gfx/tilesets/mountains.png_0_10_DITHER
X: Loading Surface: ./gfx/tilesets/mountains.png_0_10_DITHER0
X: Loading Surface: ./gfx/tilesets/mountains.png_0_10_DITHER1
X: Loading Surface: ./gfx/tilesets/mountains.png_0_10_DITHER2
X: Loading Surface: ./gfx/tilesets/mountains.png_0_10_DITHER3
X: Loading Surface: ./gfx/tilesets/mountains.png_1_10
X: Loading Surface: ./gfx/tilesets/mountains.png_1_10_DITHER
X: Loading Surface: ./gfx/tilesets/mountains.png_1_10_DITHER0
X: Loading Surface: ./gfx/tilesets/mountains.png_1_10_DITHER1
X: Loading Surface: ./gfx/tilesets/mountains.png_1_10_DITHER2
X: Loading Surface: ./gfx/tilesets/mountains.png_1_10_DITHER3
X: Loading Surface: ./gfx/tilesets/mountains.png_2_10
X: Loading Surface: ./gfx/tilesets/mountains.png_2_10_DITHER
X: Loading Surface: ./gfx/tilesets/mountains.png_2_10_DITHER0
X: Loading Surface: ./gfx/tilesets/mountains.png_2_10_DITHER1
X: Loading Surface: ./gfx/tilesets/mountains.png_2_10_DITHER2
X: Loading Surface: ./gfx/tilesets/mountains.png_2_10_DITHER3
X: Game Closing - Tidying
